#
# There is insufficient memory for the Java Runtime Environment to continue.
# Native memory allocation (malloc) failed to allocate 2097152 bytes for AllocateHeap
# Possible reasons:
#   The system is out of physical RAM or swap space
#   The process is running with CompressedOops enabled, and the Java Heap may be blocking the growth of the native heap
# Possible solutions:
#   Reduce memory load on the system
#   Increase physical memory or swap space
#   Check if swap backing store is full
#   Decrease Java heap size (-Xmx/-Xms)
#   Decrease number of Java threads
#   Decrease Java thread stack sizes (-Xss)
#   Set larger code cache with -XX:ReservedCodeCacheSize=
#   JVM is running with Unscaled Compressed Oops mode in which the Java heap is
#     placed in the first 4GB address space. The Java Heap base address is the
#     maximum limit for the native heap growth. Please use -XX:HeapBaseMinAddress
#     to set the Java Heap base and to place the Java Heap above 4GB virtual address.
# This output file may be truncated or incomplete.
#
#  Out of Memory Error (allocation.cpp:44), pid=7020, tid=3268
#
# JRE version: OpenJDK Runtime Environment Temurin-17.0.6+10 (17.0.6+10) (build 17.0.6+10)
# Java VM: OpenJDK 64-Bit Server VM Temurin-17.0.6+10 (17.0.6+10, mixed mode, emulated-client, tiered, compressed oops, compressed class ptrs, g1 gc, windows-amd64)
# No core dump will be written. Minidumps are not enabled by default on client versions of Windows
#

---------------  S U M M A R Y ------------

Command Line: -XX:+HeapDumpOnOutOfMemoryError -Xmx1024m -Dsts.lsp.client=vscode -Dsts.log.file=/dev/null -XX:TieredStopAtLevel=1 -Xlog:jni+resolve=off -Dspring.config.location=file:c:\Users\HP\.vscode\extensions\vmware.vscode-spring-boot-1.45.0\language-server\BOOT-INF\classes\application.properties org.springframework.ide.vscode.boot.app.BootLanguageServerBootApp

Host: Intel(R) Core(TM) i5-6300U CPU @ 2.40GHz, 4 cores, 7G,  Windows 10 , 64 bit Build 19041 (10.0.19041.2788)
Time: Thu Apr 27 20:07:00 2023 India Standard Time elapsed time: 3214.002227 seconds (0d 0h 53m 34s)

---------------  T H R E A D  ---------------

Current thread (0x000001f853406130):  VMThread "VM Thread" [stack: 0x000000df1b800000,0x000000df1b900000] [id=3268]

Stack: [0x000000df1b800000,0x000000df1b900000]
Native frames: (J=compiled Java code, j=interpreted, Vv=VM code, C=native code)
V  [jvm.dll+0x67741a]
V  [jvm.dll+0x834434]
V  [jvm.dll+0x835bde]
V  [jvm.dll+0x836243]
V  [jvm.dll+0x2457b5]
V  [jvm.dll+0xa626f]
V  [jvm.dll+0x2f5b61]
V  [jvm.dll+0x2f17e0]
V  [jvm.dll+0x2d9ee7]
V  [jvm.dll+0x31ce67]
V  [jvm.dll+0x83a6eb]
V  [jvm.dll+0x83b424]
V  [jvm.dll+0x83b93c]
V  [jvm.dll+0x83bd14]
V  [jvm.dll+0x83bde0]
V  [jvm.dll+0x7e483a]
V  [jvm.dll+0x6762c5]
C  [ucrtbase.dll+0x21bb2]
C  [KERNEL32.DLL+0x17604]
C  [ntdll.dll+0x526a1]

VM_Operation (0x000000df1cbfe850): G1CollectFull, mode: safepoint, requested by thread 0x000001f855c47e90


---------------  P R O C E S S  ---------------

Threads class SMR info:
_java_thread_list=0x000001f8580e2600, length=29, elements={
0x000001f85341b390, 0x000001f85341c200, 0x000001f853449800, 0x000001f85344a670,
0x000001f85344e540, 0x000001f853456f00, 0x000001f85345adb0, 0x000001f85345b7a0,
0x000001f8541e7140, 0x000001f8541eaa70, 0x000001f855904410, 0x000001f855c47040,
0x000001f855c47e90, 0x000001f855b3a450, 0x000001f848eb1e00, 0x000001f855d70590,
0x000001f855c67280, 0x000001f8545dac20, 0x000001f8545dd770, 0x000001f855ffead0,
0x000001f855ffe130, 0x000001f855ffcdf0, 0x000001f855ffb5e0, 0x000001f855ffbf80,
0x000001f856350300, 0x000001f864f14b10, 0x000001f864ec8390, 0x000001f855ffbab0,
0x000001f864e71530
}

Java Threads: ( => current thread )
  0x000001f85341b390 JavaThread "Reference Handler" daemon [_thread_blocked, id=15848, stack(0x000000df1b900000,0x000000df1ba00000)]
  0x000001f85341c200 JavaThread "Finalizer" daemon [_thread_blocked, id=10688, stack(0x000000df1ba00000,0x000000df1bb00000)]
  0x000001f853449800 JavaThread "Signal Dispatcher" daemon [_thread_blocked, id=6796, stack(0x000000df1bb00000,0x000000df1bc00000)]
  0x000001f85344a670 JavaThread "Attach Listener" daemon [_thread_blocked, id=12092, stack(0x000000df1bc00000,0x000000df1bd00000)]
  0x000001f85344e540 JavaThread "Service Thread" daemon [_thread_blocked, id=8624, stack(0x000000df1bd00000,0x000000df1be00000)]
  0x000001f853456f00 JavaThread "Monitor Deflation Thread" daemon [_thread_blocked, id=2028, stack(0x000000df1be00000,0x000000df1bf00000)]
  0x000001f85345adb0 JavaThread "C1 CompilerThread0" daemon [_thread_blocked, id=10916, stack(0x000000df1bf00000,0x000000df1c000000)]
  0x000001f85345b7a0 JavaThread "Sweeper thread" daemon [_thread_blocked, id=10332, stack(0x000000df1c000000,0x000000df1c100000)]
  0x000001f8541e7140 JavaThread "Notification Thread" daemon [_thread_blocked, id=9568, stack(0x000000df1c200000,0x000000df1c300000)]
  0x000001f8541eaa70 JavaThread "Common-Cleaner" daemon [_thread_blocked, id=7596, stack(0x000000df1c400000,0x000000df1c500000)]
  0x000001f855904410 JavaThread "boundedElastic-evictor-1" daemon [_thread_blocked, id=11400, stack(0x000000df1c800000,0x000000df1c900000)]
  0x000001f855c47040 JavaThread "boundedElastic-evictor-2" daemon [_thread_blocked, id=6420, stack(0x000000df1ca00000,0x000000df1cb00000)]
  0x000001f855c47e90 JavaThread "pool-10-thread-1" [_thread_blocked, id=7272, stack(0x000000df1cb00000,0x000000df1cc00000)]
  0x000001f855b3a450 JavaThread "LanguageServerApp-lifecycle" [_thread_blocked, id=5060, stack(0x000000df1cc00000,0x000000df1cd00000)]
  0x000001f848eb1e00 JavaThread "DestroyJavaVM" [_thread_blocked, id=9172, stack(0x000000df1b200000,0x000000df1b300000)]
  0x000001f855d70590 JavaThread "pool-11-thread-1" [_thread_in_native, id=8928, stack(0x000000df1cd00000,0x000000df1ce00000)]
  0x000001f855c67280 JavaThread "Simple-Language-Server main thread" daemon [_thread_blocked, id=3120, stack(0x000000df1ce00000,0x000000df1cf00000)]
  0x000001f8545dac20 JavaThread "pool-6-thread-1" [_thread_blocked, id=8940, stack(0x000000df1d200000,0x000000df1d300000)]
  0x000001f8545dd770 JavaThread "parallel-1" daemon [_thread_blocked, id=4048, stack(0x000000df1dc00000,0x000000df1dd00000)]
  0x000001f855ffead0 JavaThread "pool-4-thread-1" [_thread_blocked, id=7252, stack(0x000000df1e100000,0x000000df1e200000)]
  0x000001f855ffe130 JavaThread "parallel-2" daemon [_thread_blocked, id=10544, stack(0x000000df1e200000,0x000000df1e300000)]
  0x000001f855ffcdf0 JavaThread "parallel-3" daemon [_thread_blocked, id=10556, stack(0x000000df1d500000,0x000000df1d600000)]
  0x000001f855ffb5e0 JavaThread "parallel-4" daemon [_thread_blocked, id=2060, stack(0x000000df1d600000,0x000000df1d700000)]
  0x000001f855ffbf80 JavaThread "Reconciler-1" daemon [_thread_blocked, id=4600, stack(0x000000df1d700000,0x000000df1d800000)]
  0x000001f856350300 JavaThread "ForkJoinPool.commonPool-worker-10" daemon [_thread_blocked, id=15652, stack(0x000000df1b000000,0x000000df1b100000)]
  0x000001f864f14b10 JavaThread "ForkJoinPool.commonPool-worker-11" daemon [_thread_blocked, id=11040, stack(0x000000df1c100000,0x000000df1c200000)]
  0x000001f864ec8390 JavaThread "ForkJoinPool.commonPool-worker-12" daemon [_thread_blocked, id=11908, stack(0x000000df1cf00000,0x000000df1d000000)]
  0x000001f855ffbab0 JavaThread "pool-3-thread-23" [_thread_blocked, id=16244, stack(0x000000df1b100000,0x000000df1b200000)]
  0x000001f864e71530 JavaThread "pool-3-thread-24" [_thread_blocked, id=9860, stack(0x000000df1af00000,0x000000df1b000000)]

Other Threads:
=>0x000001f853406130 VMThread "VM Thread" [stack: 0x000000df1b800000,0x000000df1b900000] [id=3268]
  0x000001f8541e7610 WatcherThread [stack: 0x000000df1c300000,0x000000df1c400000] [id=14852]
  0x000001f848eefb30 GCTaskThread "GC Thread#0" [stack: 0x000000df1b300000,0x000000df1b400000] [id=15072]
  0x000001f854897100 GCTaskThread "GC Thread#1" [stack: 0x000000df1c500000,0x000000df1c600000] [id=15688]
  0x000001f8548973b0 GCTaskThread "GC Thread#2" [stack: 0x000000df1c600000,0x000000df1c700000] [id=1916]
  0x000001f854be1850 GCTaskThread "GC Thread#3" [stack: 0x000000df1c700000,0x000000df1c800000] [id=14804]
  0x000001f848ef8a70 ConcurrentGCThread "G1 Main Marker" [stack: 0x000000df1b400000,0x000000df1b500000] [id=9352]
  0x000001f848ef9480 ConcurrentGCThread "G1 Conc#0" [stack: 0x000000df1b500000,0x000000df1b600000] [id=8132]
  0x000001f848f6d4f0 ConcurrentGCThread "G1 Refine#0" [stack: 0x000000df1b600000,0x000000df1b700000] [id=8484]
  0x000001f8560d68f0 ConcurrentGCThread "G1 Refine#1" [stack: 0x000000df1e000000,0x000000df1e100000] [id=832]
  0x000001f85826a8c0 ConcurrentGCThread "G1 Refine#2" [stack: 0x000000df1d400000,0x000000df1d500000] [id=4044]
  0x000001f848f70f30 ConcurrentGCThread "G1 Service" [stack: 0x000000df1b700000,0x000000df1b800000] [id=7968]

Threads with active compile tasks:

VM state: at safepoint (normal execution)

VM Mutex/Monitor currently owned by a thread:  ([mutex/lock_event])
[0x000001f846edb3b0] Threads_lock - owner thread: 0x000001f853406130
[0x000001f846edb950] Heap_lock - owner thread: 0x000001f855c47e90

Heap address: 0x00000000c0000000, size: 1024 MB, Compressed Oops mode: 32-bit

CDS archive(s) not mapped
Compressed class space mapped at: 0x0000000100000000-0x0000000140000000, reserved size: 1073741824
Narrow klass base: 0x0000000000000000, Narrow klass shift: 3, Narrow klass range: 0x140000000

GC Precious Log:
 CPUs: 4 total, 4 available
 Memory: 8072M
 Large Page Support: Disabled
 NUMA Support: Disabled
 Compressed Oops: Enabled (32-bit)
 Heap Region Size: 1M
 Heap Min Capacity: 8M
 Heap Initial Capacity: 128M
 Heap Max Capacity: 1G
 Pre-touch: Disabled
 Parallel Workers: 4
 Concurrent Workers: 1
 Concurrent Refinement Workers: 4
 Periodic GC: Disabled

Heap:
 garbage-first heap   total 232448K, used 97457K [0x00000000c0000000, 0x0000000100000000)
  region size 1024K, 8 young (8192K), 3 survivors (3072K)
 Metaspace       used 71268K, committed 71680K, reserved 1114112K
  class space    used 9733K, committed 9920K, reserved 1048576K

Heap Regions: E=young(eden), S=young(survivor), O=old, HS=humongous(starts), HC=humongous(continues), CS=collection set, F=free, OA=open archive, CA=closed archive, TAMS=top-at-mark-start (previous, next)
|   0|0x00000000c0000000, 0x00000000c0100000, 0x00000000c0100000|100%| O|  |TAMS 0x00000000c0100000, 0x00000000c0000000| Untracked 
|   1|0x00000000c0100000, 0x00000000c0200000, 0x00000000c0200000|100%| O|  |TAMS 0x00000000c0200000, 0x00000000c0100000| Untracked 
|   2|0x00000000c0200000, 0x00000000c0300000, 0x00000000c0300000|100%| O|  |TAMS 0x00000000c0300000, 0x00000000c0200000| Untracked 
|   3|0x00000000c0300000, 0x00000000c0400000, 0x00000000c0400000|100%| O|  |TAMS 0x00000000c0400000, 0x00000000c0300000| Untracked 
|   4|0x00000000c0400000, 0x00000000c0500000, 0x00000000c0500000|100%| O|  |TAMS 0x00000000c0500000, 0x00000000c0400000| Untracked 
|   5|0x00000000c0500000, 0x00000000c0600000, 0x00000000c0600000|100%| O|  |TAMS 0x00000000c0600000, 0x00000000c0500000| Untracked 
|   6|0x00000000c0600000, 0x00000000c06ffff0, 0x00000000c0700000| 99%| O|  |TAMS 0x00000000c06ffff0, 0x00000000c0600000| Untracked 
|   7|0x00000000c0700000, 0x00000000c0800000, 0x00000000c0800000|100%| O|  |TAMS 0x00000000c0800000, 0x00000000c0700000| Untracked 
|   8|0x00000000c0800000, 0x00000000c08fffa0, 0x00000000c0900000| 99%| O|  |TAMS 0x00000000c08fffa0, 0x00000000c0800000| Untracked 
|   9|0x00000000c0900000, 0x00000000c09fffe0, 0x00000000c0a00000| 99%| O|  |TAMS 0x00000000c09fffe0, 0x00000000c0900000| Untracked 
|  10|0x00000000c0a00000, 0x00000000c0affff8, 0x00000000c0b00000| 99%| O|  |TAMS 0x00000000c0affff8, 0x00000000c0a00000| Untracked 
|  11|0x00000000c0b00000, 0x00000000c0bffff0, 0x00000000c0c00000| 99%| O|  |TAMS 0x00000000c0bffff0, 0x00000000c0b00000| Untracked 
|  12|0x00000000c0c00000, 0x00000000c0cffff0, 0x00000000c0d00000| 99%| O|  |TAMS 0x00000000c0cffff0, 0x00000000c0c00000| Untracked 
|  13|0x00000000c0d00000, 0x00000000c0dfffe8, 0x00000000c0e00000| 99%| O|  |TAMS 0x00000000c0dfffe8, 0x00000000c0d00000| Untracked 
|  14|0x00000000c0e00000, 0x00000000c0effe40, 0x00000000c0f00000| 99%| O|  |TAMS 0x00000000c0effe40, 0x00000000c0e00000| Untracked 
|  15|0x00000000c0f00000, 0x00000000c1000000, 0x00000000c1000000|100%| O|  |TAMS 0x00000000c1000000, 0x00000000c0f00000| Untracked 
|  16|0x00000000c1000000, 0x00000000c10fffe0, 0x00000000c1100000| 99%| O|  |TAMS 0x00000000c10fffe0, 0x00000000c1000000| Untracked 
|  17|0x00000000c1100000, 0x00000000c11fffb8, 0x00000000c1200000| 99%| O|  |TAMS 0x00000000c11fffb8, 0x00000000c1100000| Untracked 
|  18|0x00000000c1200000, 0x00000000c1300000, 0x00000000c1300000|100%| O|  |TAMS 0x00000000c1300000, 0x00000000c1200000| Untracked 
|  19|0x00000000c1300000, 0x00000000c13fffe8, 0x00000000c1400000| 99%| O|  |TAMS 0x00000000c13fffe8, 0x00000000c1300000| Untracked 
|  20|0x00000000c1400000, 0x00000000c14fffd0, 0x00000000c1500000| 99%| O|  |TAMS 0x00000000c14fffd0, 0x00000000c1400000| Untracked 
|  21|0x00000000c1500000, 0x00000000c1600000, 0x00000000c1600000|100%| O|  |TAMS 0x00000000c1600000, 0x00000000c1500000| Untracked 
|  22|0x00000000c1600000, 0x00000000c16ffff8, 0x00000000c1700000| 99%| O|  |TAMS 0x00000000c16ffff8, 0x00000000c1600000| Untracked 
|  23|0x00000000c1700000, 0x00000000c17fffe8, 0x00000000c1800000| 99%| O|  |TAMS 0x00000000c17fffe8, 0x00000000c1700000| Untracked 
|  24|0x00000000c1800000, 0x00000000c18fffd8, 0x00000000c1900000| 99%| O|  |TAMS 0x00000000c18fffd8, 0x00000000c1800000| Untracked 
|  25|0x00000000c1900000, 0x00000000c19fdff0, 0x00000000c1a00000| 99%| O|  |TAMS 0x00000000c19fdff0, 0x00000000c1900000| Untracked 
|  26|0x00000000c1a00000, 0x00000000c1afffe0, 0x00000000c1b00000| 99%| O|  |TAMS 0x00000000c1afffe0, 0x00000000c1a00000| Untracked 
|  27|0x00000000c1b00000, 0x00000000c1bf49e0, 0x00000000c1c00000| 95%| O|  |TAMS 0x00000000c1bf49e0, 0x00000000c1b00000| Untracked 
|  28|0x00000000c1c00000, 0x00000000c1d00000, 0x00000000c1d00000|100%| O|  |TAMS 0x00000000c1d00000, 0x00000000c1c00000| Untracked 
|  29|0x00000000c1d00000, 0x00000000c1dfffe8, 0x00000000c1e00000| 99%| O|  |TAMS 0x00000000c1dfffe8, 0x00000000c1d00000| Untracked 
|  30|0x00000000c1e00000, 0x00000000c1effff8, 0x00000000c1f00000| 99%| O|  |TAMS 0x00000000c1effff8, 0x00000000c1e00000| Untracked 
|  31|0x00000000c1f00000, 0x00000000c1ffffe8, 0x00000000c2000000| 99%| O|  |TAMS 0x00000000c1ffffe8, 0x00000000c1f00000| Untracked 
|  32|0x00000000c2000000, 0x00000000c20fffe0, 0x00000000c2100000| 99%| O|  |TAMS 0x00000000c20fffe0, 0x00000000c2000000| Untracked 
|  33|0x00000000c2100000, 0x00000000c21ffff8, 0x00000000c2200000| 99%| O|  |TAMS 0x00000000c21ffff8, 0x00000000c2100000| Untracked 
|  34|0x00000000c2200000, 0x00000000c22fffc0, 0x00000000c2300000| 99%| O|  |TAMS 0x00000000c22fffc0, 0x00000000c2200000| Untracked 
|  35|0x00000000c2300000, 0x00000000c2400000, 0x00000000c2400000|100%| O|  |TAMS 0x00000000c2400000, 0x00000000c2300000| Untracked 
|  36|0x00000000c2400000, 0x00000000c24fffb8, 0x00000000c2500000| 99%| O|  |TAMS 0x00000000c24fffb8, 0x00000000c2400000| Untracked 
|  37|0x00000000c2500000, 0x00000000c25fffc0, 0x00000000c2600000| 99%| O|  |TAMS 0x00000000c2500000, 0x00000000c2500000| Untracked 
|  38|0x00000000c2600000, 0x00000000c26fffe0, 0x00000000c2700000| 99%| O|  |TAMS 0x00000000c26fffe0, 0x00000000c2600000| Untracked 
|  39|0x00000000c2700000, 0x00000000c27ffdd0, 0x00000000c2800000| 99%| O|  |TAMS 0x00000000c27ffdd0, 0x00000000c2700000| Untracked 
|  40|0x00000000c2800000, 0x00000000c28ffff8, 0x00000000c2900000| 99%| O|  |TAMS 0x00000000c28ffff8, 0x00000000c2800000| Untracked 
|  41|0x00000000c2900000, 0x00000000c29fff98, 0x00000000c2a00000| 99%| O|  |TAMS 0x00000000c29fff98, 0x00000000c2900000| Untracked 
|  42|0x00000000c2a00000, 0x00000000c2affa40, 0x00000000c2b00000| 99%| O|  |TAMS 0x00000000c2affa40, 0x00000000c2a00000| Untracked 
|  43|0x00000000c2b00000, 0x00000000c2bffff0, 0x00000000c2c00000| 99%| O|  |TAMS 0x00000000c2b00000, 0x00000000c2b00000| Untracked 
|  44|0x00000000c2c00000, 0x00000000c2cffff0, 0x00000000c2d00000| 99%| O|  |TAMS 0x00000000c2cffff0, 0x00000000c2c00000| Untracked 
|  45|0x00000000c2d00000, 0x00000000c2dfffe0, 0x00000000c2e00000| 99%| O|  |TAMS 0x00000000c2dfffe0, 0x00000000c2d00000| Untracked 
|  46|0x00000000c2e00000, 0x00000000c2efffe8, 0x00000000c2f00000| 99%| O|  |TAMS 0x00000000c2e00000, 0x00000000c2e00000| Untracked 
|  47|0x00000000c2f00000, 0x00000000c2fffff8, 0x00000000c3000000| 99%| O|  |TAMS 0x00000000c2f00000, 0x00000000c2f00000| Untracked 
|  48|0x00000000c3000000, 0x00000000c30ffff0, 0x00000000c3100000| 99%| O|  |TAMS 0x00000000c3000000, 0x00000000c3000000| Untracked 
|  49|0x00000000c3100000, 0x00000000c31ffff0, 0x00000000c3200000| 99%| O|  |TAMS 0x00000000c31ffff0, 0x00000000c3100000| Untracked 
|  50|0x00000000c3200000, 0x00000000c3300000, 0x00000000c3300000|100%| O|  |TAMS 0x00000000c3300000, 0x00000000c3200000| Untracked 
|  51|0x00000000c3300000, 0x00000000c33ffff8, 0x00000000c3400000| 99%| O|  |TAMS 0x00000000c3300000, 0x00000000c3300000| Untracked 
|  52|0x00000000c3400000, 0x00000000c3500000, 0x00000000c3500000|100%|HS|  |TAMS 0x00000000c3500000, 0x00000000c3400000| Untracked 
|  53|0x00000000c3500000, 0x00000000c3600000, 0x00000000c3600000|100%| O|  |TAMS 0x00000000c3500000, 0x00000000c3500000| Untracked 
|  54|0x00000000c3600000, 0x00000000c3617a20, 0x00000000c3700000|  9%| O|  |TAMS 0x00000000c3600000, 0x00000000c3600000| Untracked 
|  55|0x00000000c3700000, 0x00000000c37fffe8, 0x00000000c3800000| 99%| O|  |TAMS 0x00000000c37fffe8, 0x00000000c3700000| Untracked 
|  56|0x00000000c3800000, 0x00000000c3900000, 0x00000000c3900000|100%| O|  |TAMS 0x00000000c3900000, 0x00000000c3800000| Untracked 
|  57|0x00000000c3900000, 0x00000000c39781d0, 0x00000000c3a00000| 46%| O|  |TAMS 0x00000000c3900000, 0x00000000c3900000| Untracked 
|  58|0x00000000c3a00000, 0x00000000c3b00000, 0x00000000c3b00000|100%|HS|  |TAMS 0x00000000c3b00000, 0x00000000c3a00000| Untracked 
|  59|0x00000000c3b00000, 0x00000000c3c00000, 0x00000000c3c00000|100%|HC|  |TAMS 0x00000000c3c00000, 0x00000000c3b00000| Untracked 
|  60|0x00000000c3c00000, 0x00000000c3cffff0, 0x00000000c3d00000| 99%| O|  |TAMS 0x00000000c3cffff0, 0x00000000c3c00000| Untracked 
|  61|0x00000000c3d00000, 0x00000000c3dffff8, 0x00000000c3e00000| 99%| O|  |TAMS 0x00000000c3dffff8, 0x00000000c3d00000| Untracked 
|  62|0x00000000c3e00000, 0x00000000c3f00000, 0x00000000c3f00000|100%| O|  |TAMS 0x00000000c3e00000, 0x00000000c3e00000| Untracked 
|  63|0x00000000c3f00000, 0x00000000c3fffff8, 0x00000000c4000000| 99%| O|  |TAMS 0x00000000c3fffff8, 0x00000000c3f00000| Untracked 
|  64|0x00000000c4000000, 0x00000000c4100000, 0x00000000c4100000|100%|HS|  |TAMS 0x00000000c4100000, 0x00000000c4000000| Untracked 
|  65|0x00000000c4100000, 0x00000000c4200000, 0x00000000c4200000|100%| O|  |TAMS 0x00000000c4100000, 0x00000000c4100000| Untracked 
|  66|0x00000000c4200000, 0x00000000c4300000, 0x00000000c4300000|100%| O|  |TAMS 0x00000000c4200000, 0x00000000c4200000| Untracked 
|  67|0x00000000c4300000, 0x00000000c4400000, 0x00000000c4400000|100%| O|  |TAMS 0x00000000c4400000, 0x00000000c4300000| Untracked 
|  68|0x00000000c4400000, 0x00000000c4500000, 0x00000000c4500000|100%| O|  |TAMS 0x00000000c4500000, 0x00000000c4400000| Untracked 
|  69|0x00000000c4500000, 0x00000000c4600000, 0x00000000c4600000|100%| O|  |TAMS 0x00000000c4500000, 0x00000000c4500000| Untracked 
|  70|0x00000000c4600000, 0x00000000c4700000, 0x00000000c4700000|100%| O|  |TAMS 0x00000000c4600000, 0x00000000c4600000| Untracked 
|  71|0x00000000c4700000, 0x00000000c47fffe8, 0x00000000c4800000| 99%| O|  |TAMS 0x00000000c47fffe8, 0x00000000c4700000| Untracked 
|  72|0x00000000c4800000, 0x00000000c4900000, 0x00000000c4900000|100%| O|  |TAMS 0x00000000c4800000, 0x00000000c4800000| Untracked 
|  73|0x00000000c4900000, 0x00000000c4a00000, 0x00000000c4a00000|100%| O|  |TAMS 0x00000000c4a00000, 0x00000000c4900000| Untracked 
|  74|0x00000000c4a00000, 0x00000000c4affb90, 0x00000000c4b00000| 99%| O|  |TAMS 0x00000000c4a00000, 0x00000000c4a00000| Untracked 
|  75|0x00000000c4b00000, 0x00000000c4b46710, 0x00000000c4c00000| 27%| O|  |TAMS 0x00000000c4b00000, 0x00000000c4b00000| Untracked 
|  76|0x00000000c4c00000, 0x00000000c4cfffd0, 0x00000000c4d00000| 99%| O|  |TAMS 0x00000000c4cfffd0, 0x00000000c4c00000| Untracked 
|  77|0x00000000c4d00000, 0x00000000c4e00000, 0x00000000c4e00000|100%|HS|  |TAMS 0x00000000c4d00000, 0x00000000c4d00000| Complete 
|  78|0x00000000c4e00000, 0x00000000c4f00000, 0x00000000c4f00000|100%|HC|  |TAMS 0x00000000c4e00000, 0x00000000c4e00000| Complete 
|  79|0x00000000c4f00000, 0x00000000c5000000, 0x00000000c5000000|100%|HC|  |TAMS 0x00000000c4f00000, 0x00000000c4f00000| Complete 
|  80|0x00000000c5000000, 0x00000000c5100000, 0x00000000c5100000|100%| O|  |TAMS 0x00000000c5000000, 0x00000000c5000000| Untracked 
|  81|0x00000000c5100000, 0x00000000c5200000, 0x00000000c5200000|100%| O|  |TAMS 0x00000000c5100000, 0x00000000c5100000| Untracked 
|  82|0x00000000c5200000, 0x00000000c52b7400, 0x00000000c5300000| 71%| O|  |TAMS 0x00000000c5200000, 0x00000000c5200000| Untracked 
|  83|0x00000000c5300000, 0x00000000c5300000, 0x00000000c5400000|  0%| F|  |TAMS 0x00000000c5300000, 0x00000000c5300000| Untracked 
|  84|0x00000000c5400000, 0x00000000c5400000, 0x00000000c5500000|  0%| F|  |TAMS 0x00000000c5400000, 0x00000000c5400000| Untracked 
|  85|0x00000000c5500000, 0x00000000c5500000, 0x00000000c5600000|  0%| F|  |TAMS 0x00000000c5500000, 0x00000000c5500000| Untracked 
|  86|0x00000000c5600000, 0x00000000c5600000, 0x00000000c5700000|  0%| F|  |TAMS 0x00000000c5600000, 0x00000000c5600000| Untracked 
|  87|0x00000000c5700000, 0x00000000c5700000, 0x00000000c5800000|  0%| F|  |TAMS 0x00000000c5700000, 0x00000000c5700000| Untracked 
|  88|0x00000000c5800000, 0x00000000c5800000, 0x00000000c5900000|  0%| F|  |TAMS 0x00000000c5800000, 0x00000000c5800000| Untracked 
|  89|0x00000000c5900000, 0x00000000c5900000, 0x00000000c5a00000|  0%| F|  |TAMS 0x00000000c5900000, 0x00000000c5900000| Untracked 
|  90|0x00000000c5a00000, 0x00000000c5a00000, 0x00000000c5b00000|  0%| F|  |TAMS 0x00000000c5a00000, 0x00000000c5a00000| Untracked 
|  91|0x00000000c5b00000, 0x00000000c5b00000, 0x00000000c5c00000|  0%| F|  |TAMS 0x00000000c5b00000, 0x00000000c5b00000| Untracked 
|  92|0x00000000c5c00000, 0x00000000c5c00000, 0x00000000c5d00000|  0%| F|  |TAMS 0x00000000c5c00000, 0x00000000c5c00000| Untracked 
|  93|0x00000000c5d00000, 0x00000000c5d00000, 0x00000000c5e00000|  0%| F|  |TAMS 0x00000000c5d00000, 0x00000000c5d00000| Untracked 
|  94|0x00000000c5e00000, 0x00000000c5e00000, 0x00000000c5f00000|  0%| F|  |TAMS 0x00000000c5e00000, 0x00000000c5e00000| Untracked 
|  95|0x00000000c5f00000, 0x00000000c5f00000, 0x00000000c6000000|  0%| F|  |TAMS 0x00000000c5f00000, 0x00000000c5f00000| Untracked 
|  96|0x00000000c6000000, 0x00000000c60af970, 0x00000000c6100000| 68%| O|  |TAMS 0x00000000c6000000, 0x00000000c6000000| Untracked 
|  97|0x00000000c6100000, 0x00000000c6200000, 0x00000000c6200000|100%| O|  |TAMS 0x00000000c6200000, 0x00000000c6100000| Untracked 
|  98|0x00000000c6200000, 0x00000000c6300000, 0x00000000c6300000|100%| O|  |TAMS 0x00000000c6300000, 0x00000000c6200000| Untracked 
|  99|0x00000000c6300000, 0x00000000c6300000, 0x00000000c6400000|  0%| F|  |TAMS 0x00000000c6300000, 0x00000000c6300000| Untracked 
| 100|0x00000000c6400000, 0x00000000c6400000, 0x00000000c6500000|  0%| F|  |TAMS 0x00000000c6400000, 0x00000000c6400000| Untracked 
| 101|0x00000000c6500000, 0x00000000c6500000, 0x00000000c6600000|  0%| F|  |TAMS 0x00000000c6500000, 0x00000000c6500000| Untracked 
| 102|0x00000000c6600000, 0x00000000c6700000, 0x00000000c6700000|100%| O|  |TAMS 0x00000000c6700000, 0x00000000c6600000| Untracked 
| 103|0x00000000c6700000, 0x00000000c6800000, 0x00000000c6800000|100%| O|  |TAMS 0x00000000c6800000, 0x00000000c6700000| Untracked 
| 104|0x00000000c6800000, 0x00000000c6800000, 0x00000000c6900000|  0%| F|  |TAMS 0x00000000c6800000, 0x00000000c6800000| Untracked 
| 105|0x00000000c6900000, 0x00000000c6900000, 0x00000000c6a00000|  0%| F|  |TAMS 0x00000000c6900000, 0x00000000c6900000| Untracked 
| 106|0x00000000c6a00000, 0x00000000c6b00000, 0x00000000c6b00000|100%| O|  |TAMS 0x00000000c6b00000, 0x00000000c6a00000| Untracked 
| 107|0x00000000c6b00000, 0x00000000c6b00000, 0x00000000c6c00000|  0%| F|  |TAMS 0x00000000c6b00000, 0x00000000c6b00000| Untracked 
| 108|0x00000000c6c00000, 0x00000000c6c00000, 0x00000000c6d00000|  0%| F|  |TAMS 0x00000000c6c00000, 0x00000000c6c00000| Untracked 
| 109|0x00000000c6d00000, 0x00000000c6d00000, 0x00000000c6e00000|  0%| F|  |TAMS 0x00000000c6d00000, 0x00000000c6d00000| Untracked 
| 110|0x00000000c6e00000, 0x00000000c6e00000, 0x00000000c6f00000|  0%| F|  |TAMS 0x00000000c6e00000, 0x00000000c6e00000| Untracked 
| 111|0x00000000c6f00000, 0x00000000c6f00000, 0x00000000c7000000|  0%| F|  |TAMS 0x00000000c6f00000, 0x00000000c6f00000| Untracked 
| 112|0x00000000c7000000, 0x00000000c7000000, 0x00000000c7100000|  0%| F|  |TAMS 0x00000000c7000000, 0x00000000c7000000| Untracked 
| 113|0x00000000c7100000, 0x00000000c7100000, 0x00000000c7200000|  0%| F|  |TAMS 0x00000000c7100000, 0x00000000c7100000| Untracked 
| 114|0x00000000c7200000, 0x00000000c7200000, 0x00000000c7300000|  0%| F|  |TAMS 0x00000000c7200000, 0x00000000c7200000| Untracked 
| 115|0x00000000c7300000, 0x00000000c7300000, 0x00000000c7400000|  0%| F|  |TAMS 0x00000000c7300000, 0x00000000c7300000| Untracked 
| 116|0x00000000c7400000, 0x00000000c74fdcb8, 0x00000000c7500000| 99%| S|CS|TAMS 0x00000000c7400000, 0x00000000c7400000| Complete 
| 117|0x00000000c7500000, 0x00000000c7600000, 0x00000000c7600000|100%| S|CS|TAMS 0x00000000c7500000, 0x00000000c7500000| Complete 
| 118|0x00000000c7600000, 0x00000000c7700000, 0x00000000c7700000|100%| S|CS|TAMS 0x00000000c7600000, 0x00000000c7600000| Complete 
| 119|0x00000000c7700000, 0x00000000c7700000, 0x00000000c7800000|  0%| F|  |TAMS 0x00000000c7700000, 0x00000000c7700000| Untracked 
| 120|0x00000000c7800000, 0x00000000c7800000, 0x00000000c7900000|  0%| F|  |TAMS 0x00000000c7800000, 0x00000000c7800000| Untracked 
| 121|0x00000000c7900000, 0x00000000c7900000, 0x00000000c7a00000|  0%| F|  |TAMS 0x00000000c7900000, 0x00000000c7900000| Untracked 
| 122|0x00000000c7a00000, 0x00000000c7a00000, 0x00000000c7b00000|  0%| F|  |TAMS 0x00000000c7a00000, 0x00000000c7a00000| Untracked 
| 123|0x00000000c7b00000, 0x00000000c7b00000, 0x00000000c7c00000|  0%| F|  |TAMS 0x00000000c7b00000, 0x00000000c7b00000| Untracked 
| 124|0x00000000c7c00000, 0x00000000c7c00000, 0x00000000c7d00000|  0%| F|  |TAMS 0x00000000c7c00000, 0x00000000c7c00000| Untracked 
| 125|0x00000000c7d00000, 0x00000000c7d00000, 0x00000000c7e00000|  0%| F|  |TAMS 0x00000000c7d00000, 0x00000000c7d00000| Untracked 
| 126|0x00000000c7e00000, 0x00000000c7e00000, 0x00000000c7f00000|  0%| F|  |TAMS 0x00000000c7e00000, 0x00000000c7e00000| Untracked 
| 127|0x00000000c7f00000, 0x00000000c7f00000, 0x00000000c8000000|  0%| F|  |TAMS 0x00000000c7f00000, 0x00000000c7f00000| Untracked 
| 128|0x00000000c8000000, 0x00000000c8000000, 0x00000000c8100000|  0%| F|  |TAMS 0x00000000c8000000, 0x00000000c8000000| Untracked 
| 129|0x00000000c8100000, 0x00000000c8100000, 0x00000000c8200000|  0%| F|  |TAMS 0x00000000c8100000, 0x00000000c8100000| Untracked 
| 130|0x00000000c8200000, 0x00000000c8200000, 0x00000000c8300000|  0%| F|  |TAMS 0x00000000c8200000, 0x00000000c8200000| Untracked 
| 131|0x00000000c8300000, 0x00000000c8300000, 0x00000000c8400000|  0%| F|  |TAMS 0x00000000c8300000, 0x00000000c8300000| Untracked 
| 132|0x00000000c8400000, 0x00000000c8500000, 0x00000000c8500000|100%| O|  |TAMS 0x00000000c8500000, 0x00000000c8400000| Untracked 
| 133|0x00000000c8500000, 0x00000000c8500000, 0x00000000c8600000|  0%| F|  |TAMS 0x00000000c8500000, 0x00000000c8500000| Untracked 
| 134|0x00000000c8600000, 0x00000000c8600000, 0x00000000c8700000|  0%| F|  |TAMS 0x00000000c8600000, 0x00000000c8600000| Untracked 
| 135|0x00000000c8700000, 0x00000000c8700000, 0x00000000c8800000|  0%| F|  |TAMS 0x00000000c8700000, 0x00000000c8700000| Untracked 
| 136|0x00000000c8800000, 0x00000000c8800000, 0x00000000c8900000|  0%| F|  |TAMS 0x00000000c8800000, 0x00000000c8800000| Untracked 
| 137|0x00000000c8900000, 0x00000000c8900000, 0x00000000c8a00000|  0%| F|  |TAMS 0x00000000c8900000, 0x00000000c8900000| Untracked 
| 138|0x00000000c8a00000, 0x00000000c8a00000, 0x00000000c8b00000|  0%| F|  |TAMS 0x00000000c8a00000, 0x00000000c8a00000| Untracked 
| 139|0x00000000c8b00000, 0x00000000c8b00000, 0x00000000c8c00000|  0%| F|  |TAMS 0x00000000c8b00000, 0x00000000c8b00000| Untracked 
| 140|0x00000000c8c00000, 0x00000000c8c00000, 0x00000000c8d00000|  0%| F|  |TAMS 0x00000000c8c00000, 0x00000000c8c00000| Untracked 
| 141|0x00000000c8d00000, 0x00000000c8d00000, 0x00000000c8e00000|  0%| F|  |TAMS 0x00000000c8d00000, 0x00000000c8d00000| Untracked 
| 142|0x00000000c8e00000, 0x00000000c8e00000, 0x00000000c8f00000|  0%| F|  |TAMS 0x00000000c8e00000, 0x00000000c8e00000| Untracked 
| 143|0x00000000c8f00000, 0x00000000c8f00000, 0x00000000c9000000|  0%| F|  |TAMS 0x00000000c8f00000, 0x00000000c8f00000| Untracked 
| 144|0x00000000c9000000, 0x00000000c9000000, 0x00000000c9100000|  0%| F|  |TAMS 0x00000000c9000000, 0x00000000c9000000| Untracked 
| 145|0x00000000c9100000, 0x00000000c9200000, 0x00000000c9200000|100%| O|  |TAMS 0x00000000c9200000, 0x00000000c9100000| Untracked 
| 146|0x00000000c9200000, 0x00000000c9200000, 0x00000000c9300000|  0%| F|  |TAMS 0x00000000c9200000, 0x00000000c9200000| Untracked 
| 147|0x00000000c9300000, 0x00000000c9300000, 0x00000000c9400000|  0%| F|  |TAMS 0x00000000c9300000, 0x00000000c9300000| Untracked 
| 148|0x00000000c9400000, 0x00000000c9400000, 0x00000000c9500000|  0%| F|  |TAMS 0x00000000c9400000, 0x00000000c9400000| Untracked 
| 149|0x00000000c9500000, 0x00000000c9500000, 0x00000000c9600000|  0%| F|  |TAMS 0x00000000c9500000, 0x00000000c9500000| Untracked 
| 150|0x00000000c9600000, 0x00000000c9600000, 0x00000000c9700000|  0%| F|  |TAMS 0x00000000c9600000, 0x00000000c9600000| Untracked 
| 151|0x00000000c9700000, 0x00000000c9700000, 0x00000000c9800000|  0%| F|  |TAMS 0x00000000c9700000, 0x00000000c9700000| Untracked 
| 152|0x00000000c9800000, 0x00000000c9800000, 0x00000000c9900000|  0%| F|  |TAMS 0x00000000c9800000, 0x00000000c9800000| Untracked 
| 153|0x00000000c9900000, 0x00000000c9900000, 0x00000000c9a00000|  0%| F|  |TAMS 0x00000000c9900000, 0x00000000c9900000| Untracked 
| 154|0x00000000c9a00000, 0x00000000c9a00000, 0x00000000c9b00000|  0%| F|  |TAMS 0x00000000c9a00000, 0x00000000c9a00000| Untracked 
| 155|0x00000000c9b00000, 0x00000000c9b00000, 0x00000000c9c00000|  0%| F|  |TAMS 0x00000000c9b00000, 0x00000000c9b00000| Untracked 
| 156|0x00000000c9c00000, 0x00000000c9c00000, 0x00000000c9d00000|  0%| F|  |TAMS 0x00000000c9c00000, 0x00000000c9c00000| Untracked 
| 157|0x00000000c9d00000, 0x00000000c9d00000, 0x00000000c9e00000|  0%| F|  |TAMS 0x00000000c9d00000, 0x00000000c9d00000| Untracked 
| 158|0x00000000c9e00000, 0x00000000c9e00000, 0x00000000c9f00000|  0%| F|  |TAMS 0x00000000c9e00000, 0x00000000c9e00000| Untracked 
| 159|0x00000000c9f00000, 0x00000000c9f00000, 0x00000000ca000000|  0%| F|  |TAMS 0x00000000c9f00000, 0x00000000c9f00000| Untracked 
| 160|0x00000000ca000000, 0x00000000ca000000, 0x00000000ca100000|  0%| F|  |TAMS 0x00000000ca000000, 0x00000000ca000000| Untracked 
| 161|0x00000000ca100000, 0x00000000ca100000, 0x00000000ca200000|  0%| F|  |TAMS 0x00000000ca100000, 0x00000000ca100000| Untracked 
| 162|0x00000000ca200000, 0x00000000ca200000, 0x00000000ca300000|  0%| F|  |TAMS 0x00000000ca200000, 0x00000000ca200000| Untracked 
| 163|0x00000000ca300000, 0x00000000ca300000, 0x00000000ca400000|  0%| F|  |TAMS 0x00000000ca300000, 0x00000000ca300000| Untracked 
| 164|0x00000000ca400000, 0x00000000ca400000, 0x00000000ca500000|  0%| F|  |TAMS 0x00000000ca400000, 0x00000000ca400000| Untracked 
| 165|0x00000000ca500000, 0x00000000ca500000, 0x00000000ca600000|  0%| F|  |TAMS 0x00000000ca500000, 0x00000000ca500000| Untracked 
| 166|0x00000000ca600000, 0x00000000ca600000, 0x00000000ca700000|  0%| F|  |TAMS 0x00000000ca600000, 0x00000000ca600000| Untracked 
| 167|0x00000000ca700000, 0x00000000ca700000, 0x00000000ca800000|  0%| F|  |TAMS 0x00000000ca700000, 0x00000000ca700000| Untracked 
| 168|0x00000000ca800000, 0x00000000ca800000, 0x00000000ca900000|  0%| F|  |TAMS 0x00000000ca800000, 0x00000000ca800000| Untracked 
| 169|0x00000000ca900000, 0x00000000ca900000, 0x00000000caa00000|  0%| F|  |TAMS 0x00000000ca900000, 0x00000000ca900000| Untracked 
| 170|0x00000000caa00000, 0x00000000caa00000, 0x00000000cab00000|  0%| F|  |TAMS 0x00000000caa00000, 0x00000000caa00000| Untracked 
| 171|0x00000000cab00000, 0x00000000cab00000, 0x00000000cac00000|  0%| F|  |TAMS 0x00000000cab00000, 0x00000000cab00000| Untracked 
| 172|0x00000000cac00000, 0x00000000cac00000, 0x00000000cad00000|  0%| F|  |TAMS 0x00000000cac00000, 0x00000000cac00000| Untracked 
| 173|0x00000000cad00000, 0x00000000cad00000, 0x00000000cae00000|  0%| F|  |TAMS 0x00000000cad00000, 0x00000000cad00000| Untracked 
| 174|0x00000000cae00000, 0x00000000cae00000, 0x00000000caf00000|  0%| F|  |TAMS 0x00000000cae00000, 0x00000000cae00000| Untracked 
| 175|0x00000000caf00000, 0x00000000caf00000, 0x00000000cb000000|  0%| F|  |TAMS 0x00000000caf00000, 0x00000000caf00000| Untracked 
| 176|0x00000000cb000000, 0x00000000cb000000, 0x00000000cb100000|  0%| F|  |TAMS 0x00000000cb000000, 0x00000000cb000000| Untracked 
| 177|0x00000000cb100000, 0x00000000cb100000, 0x00000000cb200000|  0%| F|  |TAMS 0x00000000cb100000, 0x00000000cb100000| Untracked 
| 178|0x00000000cb200000, 0x00000000cb200000, 0x00000000cb300000|  0%| F|  |TAMS 0x00000000cb200000, 0x00000000cb200000| Untracked 
| 179|0x00000000cb300000, 0x00000000cb300000, 0x00000000cb400000|  0%| F|  |TAMS 0x00000000cb300000, 0x00000000cb300000| Untracked 
| 180|0x00000000cb400000, 0x00000000cb400000, 0x00000000cb500000|  0%| F|  |TAMS 0x00000000cb400000, 0x00000000cb400000| Untracked 
| 181|0x00000000cb500000, 0x00000000cb500000, 0x00000000cb600000|  0%| F|  |TAMS 0x00000000cb500000, 0x00000000cb500000| Untracked 
| 182|0x00000000cb600000, 0x00000000cb600000, 0x00000000cb700000|  0%| F|  |TAMS 0x00000000cb600000, 0x00000000cb600000| Untracked 
| 183|0x00000000cb700000, 0x00000000cb700000, 0x00000000cb800000|  0%| F|  |TAMS 0x00000000cb700000, 0x00000000cb700000| Untracked 
| 184|0x00000000cb800000, 0x00000000cb800000, 0x00000000cb900000|  0%| F|  |TAMS 0x00000000cb800000, 0x00000000cb800000| Untracked 
| 185|0x00000000cb900000, 0x00000000cb900000, 0x00000000cba00000|  0%| F|  |TAMS 0x00000000cb900000, 0x00000000cb900000| Untracked 
| 186|0x00000000cba00000, 0x00000000cba00000, 0x00000000cbb00000|  0%| F|  |TAMS 0x00000000cba00000, 0x00000000cba00000| Untracked 
| 187|0x00000000cbb00000, 0x00000000cbb00000, 0x00000000cbc00000|  0%| F|  |TAMS 0x00000000cbb00000, 0x00000000cbb00000| Untracked 
| 188|0x00000000cbc00000, 0x00000000cbc00000, 0x00000000cbd00000|  0%| F|  |TAMS 0x00000000cbc00000, 0x00000000cbc00000| Untracked 
| 189|0x00000000cbd00000, 0x00000000cbd00000, 0x00000000cbe00000|  0%| F|  |TAMS 0x00000000cbd00000, 0x00000000cbd00000| Untracked 
| 190|0x00000000cbe00000, 0x00000000cbe00000, 0x00000000cbf00000|  0%| F|  |TAMS 0x00000000cbe00000, 0x00000000cbe00000| Untracked 
| 191|0x00000000cbf00000, 0x00000000cbf00000, 0x00000000cc000000|  0%| F|  |TAMS 0x00000000cbf00000, 0x00000000cbf00000| Untracked 
| 192|0x00000000cc000000, 0x00000000cc000000, 0x00000000cc100000|  0%| F|  |TAMS 0x00000000cc000000, 0x00000000cc000000| Untracked 
| 193|0x00000000cc100000, 0x00000000cc100000, 0x00000000cc200000|  0%| F|  |TAMS 0x00000000cc100000, 0x00000000cc100000| Untracked 
| 194|0x00000000cc200000, 0x00000000cc200000, 0x00000000cc300000|  0%| F|  |TAMS 0x00000000cc200000, 0x00000000cc200000| Untracked 
| 195|0x00000000cc300000, 0x00000000cc300000, 0x00000000cc400000|  0%| F|  |TAMS 0x00000000cc300000, 0x00000000cc300000| Untracked 
| 196|0x00000000cc400000, 0x00000000cc400000, 0x00000000cc500000|  0%| F|  |TAMS 0x00000000cc400000, 0x00000000cc400000| Untracked 
| 197|0x00000000cc500000, 0x00000000cc500000, 0x00000000cc600000|  0%| F|  |TAMS 0x00000000cc500000, 0x00000000cc500000| Untracked 
| 198|0x00000000cc600000, 0x00000000cc600000, 0x00000000cc700000|  0%| F|  |TAMS 0x00000000cc600000, 0x00000000cc600000| Untracked 
| 199|0x00000000cc700000, 0x00000000cc700000, 0x00000000cc800000|  0%| F|  |TAMS 0x00000000cc700000, 0x00000000cc700000| Untracked 
| 200|0x00000000cc800000, 0x00000000cc800000, 0x00000000cc900000|  0%| F|  |TAMS 0x00000000cc800000, 0x00000000cc800000| Untracked 
| 201|0x00000000cc900000, 0x00000000cc900000, 0x00000000cca00000|  0%| F|  |TAMS 0x00000000cc900000, 0x00000000cc900000| Untracked 
| 202|0x00000000cca00000, 0x00000000cca00000, 0x00000000ccb00000|  0%| F|  |TAMS 0x00000000cca00000, 0x00000000cca00000| Untracked 
| 203|0x00000000ccb00000, 0x00000000ccb00000, 0x00000000ccc00000|  0%| F|  |TAMS 0x00000000ccb00000, 0x00000000ccb00000| Untracked 
| 204|0x00000000ccc00000, 0x00000000ccc00000, 0x00000000ccd00000|  0%| F|  |TAMS 0x00000000ccc00000, 0x00000000ccc00000| Untracked 
| 205|0x00000000ccd00000, 0x00000000ccd00000, 0x00000000cce00000|  0%| F|  |TAMS 0x00000000ccd00000, 0x00000000ccd00000| Untracked 
| 206|0x00000000cce00000, 0x00000000cce00000, 0x00000000ccf00000|  0%| F|  |TAMS 0x00000000cce00000, 0x00000000cce00000| Untracked 
| 207|0x00000000ccf00000, 0x00000000ccf00000, 0x00000000cd000000|  0%| F|  |TAMS 0x00000000ccf00000, 0x00000000ccf00000| Untracked 
| 208|0x00000000cd000000, 0x00000000cd000000, 0x00000000cd100000|  0%| F|  |TAMS 0x00000000cd000000, 0x00000000cd000000| Untracked 
| 209|0x00000000cd100000, 0x00000000cd100000, 0x00000000cd200000|  0%| F|  |TAMS 0x00000000cd100000, 0x00000000cd100000| Untracked 
| 210|0x00000000cd200000, 0x00000000cd200000, 0x00000000cd300000|  0%| F|  |TAMS 0x00000000cd200000, 0x00000000cd200000| Untracked 
| 211|0x00000000cd300000, 0x00000000cd300000, 0x00000000cd400000|  0%| F|  |TAMS 0x00000000cd300000, 0x00000000cd300000| Untracked 
| 212|0x00000000cd400000, 0x00000000cd400000, 0x00000000cd500000|  0%| F|  |TAMS 0x00000000cd400000, 0x00000000cd400000| Untracked 
| 213|0x00000000cd500000, 0x00000000cd500000, 0x00000000cd600000|  0%| F|  |TAMS 0x00000000cd500000, 0x00000000cd500000| Untracked 
| 214|0x00000000cd600000, 0x00000000cd600000, 0x00000000cd700000|  0%| F|  |TAMS 0x00000000cd600000, 0x00000000cd600000| Untracked 
| 215|0x00000000cd700000, 0x00000000cd700000, 0x00000000cd800000|  0%| F|  |TAMS 0x00000000cd700000, 0x00000000cd700000| Untracked 
| 216|0x00000000cd800000, 0x00000000cd800000, 0x00000000cd900000|  0%| F|  |TAMS 0x00000000cd800000, 0x00000000cd800000| Untracked 
| 217|0x00000000cd900000, 0x00000000cd900000, 0x00000000cda00000|  0%| F|  |TAMS 0x00000000cd900000, 0x00000000cd900000| Untracked 
| 218|0x00000000cda00000, 0x00000000cda00000, 0x00000000cdb00000|  0%| F|  |TAMS 0x00000000cda00000, 0x00000000cda00000| Untracked 
| 219|0x00000000cdb00000, 0x00000000cdb00000, 0x00000000cdc00000|  0%| F|  |TAMS 0x00000000cdb00000, 0x00000000cdb00000| Untracked 
| 220|0x00000000cdc00000, 0x00000000cdc00000, 0x00000000cdd00000|  0%| F|  |TAMS 0x00000000cdc00000, 0x00000000cdc00000| Untracked 
| 221|0x00000000cdd00000, 0x00000000cdd00000, 0x00000000cde00000|  0%| F|  |TAMS 0x00000000cdd00000, 0x00000000cdd00000| Untracked 
| 222|0x00000000cde00000, 0x00000000cde3f3f8, 0x00000000cdf00000| 24%| E|  |TAMS 0x00000000cde00000, 0x00000000cde00000| Complete 
| 223|0x00000000cdf00000, 0x00000000ce000000, 0x00000000ce000000|100%| E|CS|TAMS 0x00000000cdf00000, 0x00000000cdf00000| Complete 
| 224|0x00000000ce000000, 0x00000000ce100000, 0x00000000ce100000|100%| E|CS|TAMS 0x00000000ce000000, 0x00000000ce000000| Complete 
| 225|0x00000000ce100000, 0x00000000ce200000, 0x00000000ce200000|100%| E|CS|TAMS 0x00000000ce100000, 0x00000000ce100000| Complete 
| 226|0x00000000ce200000, 0x00000000ce300000, 0x00000000ce300000|100%| E|CS|TAMS 0x00000000ce200000, 0x00000000ce200000| Complete 

Card table byte_map: [0x000001f84eb40000,0x000001f84ed40000] _byte_map_base: 0x000001f84e540000

Marking Bits (Prev, Next): (CMBitMap*) 0x000001f848ef0180, (CMBitMap*) 0x000001f848ef0140
 Prev Bits: [0x000001f84ff40000, 0x000001f850f40000)
 Next Bits: [0x000001f84ef40000, 0x000001f84ff40000)

Polling page: 0x000001f846d70000

Metaspace:

Usage:
  Non-class:     60.09 MB used.
      Class:      9.51 MB used.
       Both:     69.60 MB used.

Virtual space:
  Non-class space:       64.00 MB reserved,      60.31 MB ( 94%) committed,  8 nodes.
      Class space:        1.00 GB reserved,       9.69 MB ( <1%) committed,  1 nodes.
             Both:        1.06 GB reserved,      70.00 MB (  6%) committed. 

Chunk freelists:
   Non-Class:  3.69 MB
       Class:  2.20 MB
        Both:  5.88 MB

MaxMetaspaceSize: unlimited
CompressedClassSpaceSize: 1.00 GB
Initial GC threshold: 21.00 MB
Current GC threshold: 116.50 MB
CDS: off
MetaspaceReclaimPolicy: balanced
 - commit_granule_bytes: 65536.
 - commit_granule_words: 8192.
 - virtual_space_node_default_size: 1048576.
 - enlarge_chunks_in_place: 1.
 - new_chunks_are_fully_committed: 0.
 - uncommit_free_chunks: 1.
 - use_allocation_guard: 0.
 - handle_deallocations: 1.


Internal statistics:

num_allocs_failed_limit: 11.
num_arena_births: 808.
num_arena_deaths: 250.
num_vsnodes_births: 9.
num_vsnodes_deaths: 0.
num_space_committed: 1120.
num_space_uncommitted: 0.
num_chunks_returned_to_freelist: 322.
num_chunks_taken_from_freelist: 3220.
num_chunk_merges: 108.
num_chunk_splits: 2181.
num_chunks_enlarged: 1637.
num_purges: 18.
num_inconsistent_stats: 0.

CodeCache: size=49152Kb used=31154Kb max_used=32221Kb free=17998Kb
 bounds [0x000001f84bb40000, 0x000001f84db00000, 0x000001f84eb40000]
 total_blobs=16776 nmethods=16086 adapters=616
 compilation: enabled
              stopped_count=0, restarted_count=0
 full_count=0

Compilation events (20 events):
Event: 3043.081 Thread 0x000001f85345adb0 16266   !   1       org.springframework.ide.vscode.boot.app.SpringSymbolIndex::getSymbols (300 bytes)
Event: 3043.085 Thread 0x000001f85345adb0 nmethod 16266 0x000001f84cbe2810 code [0x000001f84cbe2c00, 0x000001f84cbe3ec8]
Event: 3043.843 Thread 0x000001f85345adb0 16267       1       java.lang.String::<init> (29 bytes)
Event: 3043.843 Thread 0x000001f85345adb0 nmethod 16267 0x000001f84cbbb410 code [0x000001f84cbbb5a0, 0x000001f84cbbb6d8]
Event: 3044.325 Thread 0x000001f85345adb0 16268       1       org.eclipse.jdt.internal.compiler.lookup.TypeSystem::getRawType (279 bytes)
Event: 3044.326 Thread 0x000001f85345adb0 nmethod 16268 0x000001f84cbe1190 code [0x000001f84cbe1420, 0x000001f84cbe2118]
Event: 3045.748 Thread 0x000001f85345adb0 16269       1       org.eclipse.jdt.internal.compiler.codegen.StackMapFrame::addStackItem (97 bytes)
Event: 3045.748 Thread 0x000001f85345adb0 nmethod 16269 0x000001f84cbbaa10 code [0x000001f84cbbac00, 0x000001f84cbbb1f8]
Event: 3085.633 Thread 0x000001f85345adb0 16270       1       org.springframework.ide.vscode.boot.java.handlers.BootJavaHoverProvider::lambda$provideHover$1 (36 bytes)
Event: 3085.635 Thread 0x000001f85345adb0 nmethod 16270 0x000001f84cbba290 code [0x000001f84cbba460, 0x000001f84cbba7c8]
Event: 3085.635 Thread 0x000001f85345adb0 16271       1       com.google.gson.internal.$Gson$Types$ParameterizedTypeImpl::equals (24 bytes)
Event: 3085.636 Thread 0x000001f85345adb0 nmethod 16271 0x000001f84cbe0d90 code [0x000001f84cbe0f40, 0x000001f84cbe10e8]
Event: 3119.995 Thread 0x000001f85345adb0 16272       1       com.sun.tools.javac.code.Type$BottomType::isNullOrReference (2 bytes)
Event: 3119.995 Thread 0x000001f85345adb0 nmethod 16272 0x000001f84cbb9f90 code [0x000001f84cbba120, 0x000001f84cbba1f8]
Event: 3120.148 Thread 0x000001f85345adb0 16273       1       org.eclipse.jdt.internal.compiler.codegen.StackMapFrame::getCachedValue (63 bytes)
Event: 3120.148 Thread 0x000001f85345adb0 nmethod 16273 0x000001f84cbe0710 code [0x000001f84cbe08e0, 0x000001f84cbe0bb8]
Event: 3178.917 Thread 0x000001f85345adb0 16274       1       org.openrewrite.java.JavaIsoVisitor::visitElse (7 bytes)
Event: 3178.918 Thread 0x000001f85345adb0 nmethod 16274 0x000001f84cbe0390 code [0x000001f84cbe0520, 0x000001f84cbe0628]
Event: 3178.918 Thread 0x000001f85345adb0 16275       1       org.openrewrite.java.JavaIsoVisitor::visitElse (10 bytes)
Event: 3178.918 Thread 0x000001f85345adb0 nmethod 16275 0x000001f84cbe0010 code [0x000001f84cbe01a0, 0x000001f84cbe02a8]

GC Heap History (20 events):
Event: 2963.571 GC heap before
{Heap before GC invocations=231 (full 66):
 garbage-first heap   total 232448K, used 198807K [0x00000000c0000000, 0x0000000100000000)
  region size 1024K, 118 young (120832K), 4 survivors (4096K)
 Metaspace       used 71265K, committed 71680K, reserved 1114112K
  class space    used 9733K, committed 9920K, reserved 1048576K
}
Event: 2963.576 GC heap after
{Heap after GC invocations=232 (full 66):
 garbage-first heap   total 232448K, used 81372K [0x00000000c0000000, 0x0000000100000000)
  region size 1024K, 3 young (3072K), 3 survivors (3072K)
 Metaspace       used 71265K, committed 71680K, reserved 1114112K
  class space    used 9733K, committed 9920K, reserved 1048576K
}
Event: 2966.035 GC heap before
{Heap before GC invocations=232 (full 66):
 garbage-first heap   total 232448K, used 201180K [0x00000000c0000000, 0x0000000100000000)
  region size 1024K, 118 young (120832K), 3 survivors (3072K)
 Metaspace       used 71268K, committed 71680K, reserved 1114112K
  class space    used 9733K, committed 9920K, reserved 1048576K
}
Event: 2966.049 GC heap after
{Heap after GC invocations=233 (full 66):
 garbage-first heap   total 232448K, used 90875K [0x00000000c0000000, 0x0000000100000000)
  region size 1024K, 10 young (10240K), 10 survivors (10240K)
 Metaspace       used 71268K, committed 71680K, reserved 1114112K
  class space    used 9733K, committed 9920K, reserved 1048576K
}
Event: 2968.764 GC heap before
{Heap before GC invocations=233 (full 66):
 garbage-first heap   total 232448K, used 190203K [0x00000000c0000000, 0x0000000100000000)
  region size 1024K, 108 young (110592K), 10 survivors (10240K)
 Metaspace       used 71268K, committed 71680K, reserved 1114112K
  class space    used 9733K, committed 9920K, reserved 1048576K
}
Event: 2968.800 GC heap after
{Heap after GC invocations=234 (full 66):
 garbage-first heap   total 232448K, used 92713K [0x00000000c0000000, 0x0000000100000000)
  region size 1024K, 3 young (3072K), 3 survivors (3072K)
 Metaspace       used 71268K, committed 71680K, reserved 1114112K
  class space    used 9733K, committed 9920K, reserved 1048576K
}
Event: 2973.248 GC heap before
{Heap before GC invocations=234 (full 66):
 garbage-first heap   total 232448K, used 193065K [0x00000000c0000000, 0x0000000100000000)
  region size 1024K, 101 young (103424K), 3 survivors (3072K)
 Metaspace       used 71268K, committed 71680K, reserved 1114112K
  class space    used 9733K, committed 9920K, reserved 1048576K
}
Event: 2973.250 GC heap after
{Heap after GC invocations=235 (full 66):
 garbage-first heap   total 232448K, used 92040K [0x00000000c0000000, 0x0000000100000000)
  region size 1024K, 2 young (2048K), 2 survivors (2048K)
 Metaspace       used 71268K, committed 71680K, reserved 1114112K
  class space    used 9733K, committed 9920K, reserved 1048576K
}
Event: 2977.328 GC heap before
{Heap before GC invocations=235 (full 66):
 garbage-first heap   total 232448K, used 195464K [0x00000000c0000000, 0x0000000100000000)
  region size 1024K, 103 young (105472K), 2 survivors (2048K)
 Metaspace       used 71268K, committed 71680K, reserved 1114112K
  class space    used 9733K, committed 9920K, reserved 1048576K
}
Event: 2977.331 GC heap after
{Heap after GC invocations=236 (full 66):
 garbage-first heap   total 232448K, used 92051K [0x00000000c0000000, 0x0000000100000000)
  region size 1024K, 2 young (2048K), 2 survivors (2048K)
 Metaspace       used 71268K, committed 71680K, reserved 1114112K
  class space    used 9733K, committed 9920K, reserved 1048576K
}
Event: 2981.746 GC heap before
{Heap before GC invocations=236 (full 66):
 garbage-first heap   total 232448K, used 196499K [0x00000000c0000000, 0x0000000100000000)
  region size 1024K, 104 young (106496K), 2 survivors (2048K)
 Metaspace       used 71268K, committed 71680K, reserved 1114112K
  class space    used 9733K, committed 9920K, reserved 1048576K
}
Event: 2981.749 GC heap after
{Heap after GC invocations=237 (full 66):
 garbage-first heap   total 232448K, used 91736K [0x00000000c0000000, 0x0000000100000000)
  region size 1024K, 2 young (2048K), 2 survivors (2048K)
 Metaspace       used 71268K, committed 71680K, reserved 1114112K
  class space    used 9733K, committed 9920K, reserved 1048576K
}
Event: 2985.165 GC heap before
{Heap before GC invocations=237 (full 66):
 garbage-first heap   total 232448K, used 197208K [0x00000000c0000000, 0x0000000100000000)
  region size 1024K, 105 young (107520K), 2 survivors (2048K)
 Metaspace       used 71268K, committed 71680K, reserved 1114112K
  class space    used 9733K, committed 9920K, reserved 1048576K
}
Event: 2985.168 GC heap after
{Heap after GC invocations=238 (full 66):
 garbage-first heap   total 232448K, used 92216K [0x00000000c0000000, 0x0000000100000000)
  region size 1024K, 2 young (2048K), 2 survivors (2048K)
 Metaspace       used 71268K, committed 71680K, reserved 1114112K
  class space    used 9733K, committed 9920K, reserved 1048576K
}
Event: 2987.287 GC heap before
{Heap before GC invocations=238 (full 66):
 garbage-first heap   total 232448K, used 197688K [0x00000000c0000000, 0x0000000100000000)
  region size 1024K, 105 young (107520K), 2 survivors (2048K)
 Metaspace       used 71268K, committed 71680K, reserved 1114112K
  class space    used 9733K, committed 9920K, reserved 1048576K
}
Event: 2987.290 GC heap after
{Heap after GC invocations=239 (full 66):
 garbage-first heap   total 232448K, used 92430K [0x00000000c0000000, 0x0000000100000000)
  region size 1024K, 3 young (3072K), 3 survivors (3072K)
 Metaspace       used 71268K, committed 71680K, reserved 1114112K
  class space    used 9733K, committed 9920K, reserved 1048576K
}
Event: 3044.022 GC heap before
{Heap before GC invocations=239 (full 66):
 garbage-first heap   total 232448K, used 196878K [0x00000000c0000000, 0x0000000100000000)
  region size 1024K, 105 young (107520K), 3 survivors (3072K)
 Metaspace       used 71268K, committed 71680K, reserved 1114112K
  class space    used 9733K, committed 9920K, reserved 1048576K
}
Event: 3044.024 GC heap after
{Heap after GC invocations=240 (full 66):
 garbage-first heap   total 232448K, used 92345K [0x00000000c0000000, 0x0000000100000000)
  region size 1024K, 2 young (2048K), 2 survivors (2048K)
 Metaspace       used 71268K, committed 71680K, reserved 1114112K
  class space    used 9733K, committed 9920K, reserved 1048576K
}
Event: 3165.847 GC heap before
{Heap before GC invocations=240 (full 66):
 garbage-first heap   total 232448K, used 198841K [0x00000000c0000000, 0x0000000100000000)
  region size 1024K, 106 young (108544K), 2 survivors (2048K)
 Metaspace       used 71268K, committed 71680K, reserved 1114112K
  class space    used 9733K, committed 9920K, reserved 1048576K
}
Event: 3165.851 GC heap after
{Heap after GC invocations=241 (full 66):
 garbage-first heap   total 232448K, used 93361K [0x00000000c0000000, 0x0000000100000000)
  region size 1024K, 3 young (3072K), 3 survivors (3072K)
 Metaspace       used 71268K, committed 71680K, reserved 1114112K
  class space    used 9733K, committed 9920K, reserved 1048576K
}

Dll operation events (10 events):
Event: 0.012 Loaded shared library c:\Users\HP\.vscode\extensions\redhat.java-1.17.0-win32-x64\jre\17.0.6-win32-x86_64\bin\java.dll
Event: 0.335 Loaded shared library C:\Users\HP\.vscode\extensions\redhat.java-1.17.0-win32-x64\jre\17.0.6-win32-x86_64\bin\net.dll
Event: 0.337 Loaded shared library C:\Users\HP\.vscode\extensions\redhat.java-1.17.0-win32-x64\jre\17.0.6-win32-x86_64\bin\nio.dll
Event: 0.714 Loaded shared library C:\Users\HP\.vscode\extensions\redhat.java-1.17.0-win32-x64\jre\17.0.6-win32-x86_64\bin\zip.dll
Event: 9.737 Loaded shared library C:\Users\HP\.vscode\extensions\redhat.java-1.17.0-win32-x64\jre\17.0.6-win32-x86_64\bin\jimage.dll
Event: 15.353 Loaded shared library C:\Users\HP\.vscode\extensions\redhat.java-1.17.0-win32-x64\jre\17.0.6-win32-x86_64\bin\management.dll
Event: 15.380 Loaded shared library C:\Users\HP\.vscode\extensions\redhat.java-1.17.0-win32-x64\jre\17.0.6-win32-x86_64\bin\management_ext.dll
Event: 18.392 Loaded shared library C:\Users\HP\.vscode\extensions\redhat.java-1.17.0-win32-x64\jre\17.0.6-win32-x86_64\bin\sunmscapi.dll
Event: 25.838 Loaded shared library c:\Users\HP\.vscode\extensions\redhat.java-1.17.0-win32-x64\jre\17.0.6-win32-x86_64\bin\verify.dll
Event: 28.754 Loaded shared library C:\Users\HP\AppData\Local\Temp\snappy-1.1.8-b4ec9f51-72de-4985-a556-28dd5fd0019f-snappyjava.dll

Deoptimization events (20 events):
Event: 1028.121 Thread 0x000001f855ffbab0 DEOPT PACKING pc=0x000001f84d2da198 sp=0x000000df1b1fe0e0
Event: 1028.121 Thread 0x000001f855ffbab0 DEOPT UNPACKING pc=0x000001f84bb97143 sp=0x000000df1b1fd5d0 mode 3
Event: 1077.768 Thread 0x000001f855fffe10 DEOPT PACKING pc=0x000001f84d275abb sp=0x000000df1c1fe8e0
Event: 1077.768 Thread 0x000001f855fffe10 DEOPT UNPACKING pc=0x000001f84bb97143 sp=0x000000df1c1fddb8 mode 3
Event: 1085.932 Thread 0x000001f855fff470 DEOPT PACKING pc=0x000001f84d243d9d sp=0x000000df1d0fe5e0
Event: 1085.932 Thread 0x000001f855fff470 DEOPT UNPACKING pc=0x000001f84bb97143 sp=0x000000df1d0fdb10 mode 3
Event: 1116.472 Thread 0x000001f855ffbab0 DEOPT PACKING pc=0x000001f84d36b851 sp=0x000000df1b1fe880
Event: 1116.472 Thread 0x000001f855ffbab0 DEOPT UNPACKING pc=0x000001f84bb97143 sp=0x000000df1b1fdd68 mode 3
Event: 1183.257 Thread 0x000001f855fffe10 DEOPT PACKING pc=0x000001f84d3d0f7b sp=0x000000df1c1fe390
Event: 1183.257 Thread 0x000001f855fffe10 DEOPT UNPACKING pc=0x000001f84bb97143 sp=0x000000df1c1fd8e0 mode 3
Event: 2029.135 Thread 0x000001f855ffead0 DEOPT PACKING pc=0x000001f84d4ad72b sp=0x000000df1e1feaa0
Event: 2029.136 Thread 0x000001f855ffead0 DEOPT UNPACKING pc=0x000001f84bb97143 sp=0x000000df1e1fdfa0 mode 3
Event: 2319.260 Thread 0x000001f855ffead0 DEOPT PACKING pc=0x000001f84d77728f sp=0x000000df1e1fd8a0
Event: 2319.260 Thread 0x000001f855ffead0 DEOPT UNPACKING pc=0x000001f84bb97143 sp=0x000000df1e1fcda8 mode 3
Event: 2587.987 Thread 0x000001f858185cd0 DEOPT PACKING pc=0x000001f84d80d98a sp=0x000000df1b1fddd0
Event: 2587.988 Thread 0x000001f858185cd0 DEOPT UNPACKING pc=0x000001f84bb97143 sp=0x000000df1b1fd240 mode 3
Event: 2716.502 Thread 0x000001f858185cd0 DEOPT PACKING pc=0x000001f84d95a032 sp=0x000000df1b1fdc80
Event: 2716.502 Thread 0x000001f858185cd0 DEOPT UNPACKING pc=0x000001f84bb97143 sp=0x000000df1b1fd190 mode 3
Event: 2722.380 Thread 0x000001f864f14b10 DEOPT PACKING pc=0x000001f84d952d44 sp=0x000000df1c1fe5d0
Event: 2722.380 Thread 0x000001f864f14b10 DEOPT UNPACKING pc=0x000001f84bb97143 sp=0x000000df1c1fdaf8 mode 3

Classes unloaded (20 events):
Event: 873.294 Thread 0x000001f853406130 Unloading class 0x000000010039c400 'java/lang/invoke/LambdaForm$MH+0x000000010039c400'
Event: 873.294 Thread 0x000001f853406130 Unloading class 0x0000000100539400 'java/lang/invoke/LambdaForm$MH+0x0000000100539400'
Event: 873.294 Thread 0x000001f853406130 Unloading class 0x000000010053a400 'java/lang/invoke/LambdaForm$MH+0x000000010053a400'
Event: 1072.231 Thread 0x000001f853406130 Unloading class 0x000000010034d400 'java/lang/invoke/LambdaForm$MH+0x000000010034d400'
Event: 1072.231 Thread 0x000001f853406130 Unloading class 0x000000010034e000 'java/lang/invoke/LambdaForm$MH+0x000000010034e000'
Event: 1072.231 Thread 0x000001f853406130 Unloading class 0x000000010034f400 'java/lang/invoke/LambdaForm$MH+0x000000010034f400'
Event: 1072.231 Thread 0x000001f853406130 Unloading class 0x0000000100350400 'java/lang/invoke/LambdaForm$MH+0x0000000100350400'
Event: 1072.231 Thread 0x000001f853406130 Unloading class 0x000000010035d000 'jdk/internal/reflect/GeneratedConstructorAccessor60'
Event: 1072.231 Thread 0x000001f853406130 Unloading class 0x0000000100374000 'jdk/internal/reflect/GeneratedConstructorAccessor58'
Event: 1072.231 Thread 0x000001f853406130 Unloading class 0x0000000100374800 'jdk/internal/reflect/GeneratedConstructorAccessor57'
Event: 1086.812 Thread 0x000001f853406130 Unloading class 0x00000001009b8c00 'java/lang/invoke/LambdaForm$MH+0x00000001009b8c00'
Event: 1086.812 Thread 0x000001f853406130 Unloading class 0x00000001009b8800 'java/lang/invoke/LambdaForm$MH+0x00000001009b8800'
Event: 1086.812 Thread 0x000001f853406130 Unloading class 0x00000001009b8400 'java/lang/invoke/LambdaForm$MH+0x00000001009b8400'
Event: 1086.812 Thread 0x000001f853406130 Unloading class 0x00000001009b8000 'java/lang/invoke/LambdaForm$MH+0x00000001009b8000'
Event: 1086.812 Thread 0x000001f853406130 Unloading class 0x00000001009b7c00 'java/lang/invoke/LambdaForm$MH+0x00000001009b7c00'
Event: 1086.812 Thread 0x000001f853406130 Unloading class 0x00000001009b7800 'java/lang/invoke/LambdaForm$MH+0x00000001009b7800'
Event: 1367.164 Thread 0x000001f853406130 Unloading class 0x00000001009b9c00 'jdk/internal/reflect/GeneratedConstructorAccessor71'
Event: 1367.164 Thread 0x000001f853406130 Unloading class 0x000000010035cc00 'jdk/internal/reflect/GeneratedConstructorAccessor61'
Event: 1367.164 Thread 0x000001f853406130 Unloading class 0x000000010035e000 'jdk/internal/reflect/GeneratedConstructorAccessor59'
Event: 1367.164 Thread 0x000001f853406130 Unloading class 0x000000010039e000 'jdk/internal/reflect/GeneratedConstructorAccessor56'

Classes redefined (0 events):
No events

Internal exceptions (20 events):
Event: 2982.445 Thread 0x000001f864f14b10 Exception <a 'sun/nio/fs/WindowsException'{0x00000000cd38a1c0}> (0x00000000cd38a1c0) 
thrown [s\src\hotspot\share\prims\jni.cpp, line 516]
Event: 2982.446 Thread 0x000001f864f14b10 Exception <a 'sun/nio/fs/WindowsException'{0x00000000cd38b100}> (0x00000000cd38b100) 
thrown [s\src\hotspot\share\prims\jni.cpp, line 516]
Event: 2983.727 Thread 0x000001f864f14b10 Exception <a 'sun/nio/fs/WindowsException'{0x00000000cc25fea0}> (0x00000000cc25fea0) 
thrown [s\src\hotspot\share\prims\jni.cpp, line 516]
Event: 2983.729 Thread 0x000001f864f14b10 Exception <a 'sun/nio/fs/WindowsException'{0x00000000cc260de0}> (0x00000000cc260de0) 
thrown [s\src\hotspot\share\prims\jni.cpp, line 516]
Event: 2985.256 Thread 0x000001f864f14b10 Exception <a 'sun/nio/fs/WindowsException'{0x00000000ce1050b0}> (0x00000000ce1050b0) 
thrown [s\src\hotspot\share\prims\jni.cpp, line 516]
Event: 2985.256 Thread 0x000001f864f14b10 Exception <a 'sun/nio/fs/WindowsException'{0x00000000ce105ff0}> (0x00000000ce105ff0) 
thrown [s\src\hotspot\share\prims\jni.cpp, line 516]
Event: 3023.118 Thread 0x000001f864f14b10 Exception <a 'sun/nio/fs/WindowsException'{0x00000000cc31fdf0}> (0x00000000cc31fdf0) 
thrown [s\src\hotspot\share\prims\jni.cpp, line 516]
Event: 3023.120 Thread 0x000001f864f14b10 Exception <a 'sun/nio/fs/WindowsException'{0x00000000cc320d30}> (0x00000000cc320d30) 
thrown [s\src\hotspot\share\prims\jni.cpp, line 516]
Event: 3042.079 Thread 0x000001f864f14b10 Exception <a 'sun/nio/fs/WindowsException'{0x00000000cbced710}> (0x00000000cbced710) 
thrown [s\src\hotspot\share\prims\jni.cpp, line 516]
Event: 3042.080 Thread 0x000001f864f14b10 Exception <a 'sun/nio/fs/WindowsException'{0x00000000cbcee650}> (0x00000000cbcee650) 
thrown [s\src\hotspot\share\prims\jni.cpp, line 516]
Event: 3042.587 Thread 0x000001f864f14b10 Exception <a 'sun/nio/fs/WindowsException'{0x00000000ca7f4b30}> (0x00000000ca7f4b30) 
thrown [s\src\hotspot\share\prims\jni.cpp, line 516]
Event: 3042.587 Thread 0x000001f864f14b10 Exception <a 'sun/nio/fs/WindowsException'{0x00000000ca7f5a70}> (0x00000000ca7f5a70) 
thrown [s\src\hotspot\share\prims\jni.cpp, line 516]
Event: 3042.875 Thread 0x000001f864f14b10 Exception <a 'sun/nio/fs/WindowsException'{0x00000000ca064d08}> (0x00000000ca064d08) 
thrown [s\src\hotspot\share\prims\jni.cpp, line 516]
Event: 3042.875 Thread 0x000001f864f14b10 Exception <a 'sun/nio/fs/WindowsException'{0x00000000ca065c48}> (0x00000000ca065c48) 
thrown [s\src\hotspot\share\prims\jni.cpp, line 516]
Event: 3044.143 Thread 0x000001f856350300 Exception <a 'sun/nio/fs/WindowsException'{0x00000000cd74af00}> (0x00000000cd74af00) 
thrown [s\src\hotspot\share\prims\jni.cpp, line 516]
Event: 3044.145 Thread 0x000001f856350300 Exception <a 'sun/nio/fs/WindowsException'{0x00000000cd74be40}> (0x00000000cd74be40) 
thrown [s\src\hotspot\share\prims\jni.cpp, line 516]
Event: 3119.783 Thread 0x000001f856350300 Exception <a 'sun/nio/fs/WindowsException'{0x00000000c8972f70}> (0x00000000c8972f70) 
thrown [s\src\hotspot\share\prims\jni.cpp, line 516]
Event: 3119.784 Thread 0x000001f856350300 Exception <a 'sun/nio/fs/WindowsException'{0x00000000c8973eb0}> (0x00000000c8973eb0) 
thrown [s\src\hotspot\share\prims\jni.cpp, line 516]
Event: 3165.274 Thread 0x000001f856350300 Exception <a 'sun/nio/fs/WindowsException'{0x00000000c7e73d68}> (0x00000000c7e73d68) 
thrown [s\src\hotspot\share\prims\jni.cpp, line 516]
Event: 3165.275 Thread 0x000001f856350300 Exception <a 'sun/nio/fs/WindowsException'{0x00000000c7e74ca8}> (0x00000000c7e74ca8) 
thrown [s\src\hotspot\share\prims\jni.cpp, line 516]

VM Operations (20 events):
Event: 2977.282 Executing VM operation: Cleanup done
Event: 2977.328 Executing VM operation: G1CollectForAllocation
Event: 2977.331 Executing VM operation: G1CollectForAllocation done
Event: 2979.361 Executing VM operation: Cleanup
Event: 2979.361 Executing VM operation: Cleanup done
Event: 2981.746 Executing VM operation: G1CollectForAllocation
Event: 2981.749 Executing VM operation: G1CollectForAllocation done
Event: 2985.165 Executing VM operation: G1CollectForAllocation
Event: 2985.168 Executing VM operation: G1CollectForAllocation done
Event: 2987.287 Executing VM operation: G1CollectForAllocation
Event: 2987.290 Executing VM operation: G1CollectForAllocation done
Event: 3042.745 Executing VM operation: Cleanup
Event: 3042.745 Executing VM operation: Cleanup done
Event: 3044.022 Executing VM operation: G1CollectForAllocation
Event: 3044.024 Executing VM operation: G1CollectForAllocation done
Event: 3046.044 Executing VM operation: Cleanup
Event: 3046.044 Executing VM operation: Cleanup done
Event: 3165.847 Executing VM operation: G1CollectForAllocation
Event: 3165.851 Executing VM operation: G1CollectForAllocation done
Event: 3213.999 Executing VM operation: G1CollectFull

Events (20 events):
Event: 2862.041 Thread 0x000001f856002960 Thread added: 0x000001f856002960
Event: 2868.275 Thread 0x000001f8545d0400 Thread added: 0x000001f8545d0400
Event: 2868.275 Thread 0x000001f8585b1bd0 Thread added: 0x000001f8585b1bd0
Event: 2873.288 Thread 0x000001f8545d0400 Thread exited: 0x000001f8545d0400
Event: 2873.288 Thread 0x000001f8585b1bd0 Thread exited: 0x000001f8585b1bd0
Event: 2947.286 Thread 0x000001f856002960 Thread exited: 0x000001f856002960
Event: 2948.722 Thread 0x000001f8585b2b00 Thread added: 0x000001f8585b2b00
Event: 2948.722 Thread 0x000001f8585b1bd0 Thread added: 0x000001f8585b1bd0
Event: 2949.908 Thread 0x000001f8585b1bd0 Thread exited: 0x000001f8585b1bd0
Event: 2950.738 Thread 0x000001f8585b2b00 Thread exited: 0x000001f8585b2b00
Event: 2963.465 Thread 0x000001f855ffbab0 Thread added: 0x000001f855ffbab0
Event: 2965.338 Thread 0x000001f85345b7a0 flushing nmethod 0x000001f84bf2d890
Event: 2965.351 Thread 0x000001f85345b7a0 flushing nmethod 0x000001f84cbb4f10
Event: 2965.351 Thread 0x000001f85345b7a0 flushing nmethod 0x000001f84cbb9f90
Event: 2965.351 Thread 0x000001f85345b7a0 flushing nmethod 0x000001f84cbc0490
Event: 2965.351 Thread 0x000001f85345b7a0 flushing nmethod 0x000001f84cbdf390
Event: 3028.739 Thread 0x000001f864e74080 Thread exited: 0x000001f864e74080
Event: 3106.089 Thread 0x000001f855ffefa0 Thread exited: 0x000001f855ffefa0
Event: 3121.052 Thread 0x000001f864eca540 Thread exited: 0x000001f864eca540
Event: 3165.269 Thread 0x000001f864e71530 Thread added: 0x000001f864e71530


Dynamic libraries:
0x00007ff72d760000 - 0x00007ff72d76e000 	c:\Users\HP\.vscode\extensions\redhat.java-1.17.0-win32-x64\jre\17.0.6-win32-x86_64\bin\java.exe
0x00007fff00910000 - 0x00007fff00b08000 	C:\Windows\SYSTEM32\ntdll.dll
0x00007fff007e0000 - 0x00007fff0089f000 	C:\Windows\System32\KERNEL32.DLL
0x00007ffefe2f0000 - 0x00007ffefe5ca000 	C:\Windows\System32\KERNELBASE.dll
0x00007ffefe5d0000 - 0x00007ffefe6d0000 	C:\Windows\System32\ucrtbase.dll
0x00007ffef5210000 - 0x00007ffef5229000 	c:\Users\HP\.vscode\extensions\redhat.java-1.17.0-win32-x64\jre\17.0.6-win32-x86_64\bin\VCRUNTIME140.dll
0x00007ffef6480000 - 0x00007ffef6497000 	c:\Users\HP\.vscode\extensions\redhat.java-1.17.0-win32-x64\jre\17.0.6-win32-x86_64\bin\jli.dll
0x00007ffeff3a0000 - 0x00007ffeff53d000 	C:\Windows\System32\USER32.dll
0x00007ffee8850000 - 0x00007ffee8aea000 	C:\Windows\WinSxS\amd64_microsoft.windows.common-controls_6595b64144ccf1df_6.0.19041.1110_none_60b5254171f9507e\COMCTL32.dll
0x00007ffeff150000 - 0x00007ffeff1ee000 	C:\Windows\System32\msvcrt.dll
0x00007fff008a0000 - 0x00007fff008cb000 	C:\Windows\System32\GDI32.dll
0x00007ffefe270000 - 0x00007ffefe292000 	C:\Windows\System32\win32u.dll
0x00007ffefe700000 - 0x00007ffefe810000 	C:\Windows\System32\gdi32full.dll
0x00007ffefe020000 - 0x00007ffefe0bd000 	C:\Windows\System32\msvcp_win.dll
0x00007fff007b0000 - 0x00007fff007e0000 	C:\Windows\System32\IMM32.DLL
0x00007ffef82b0000 - 0x00007ffef82bc000 	c:\Users\HP\.vscode\extensions\redhat.java-1.17.0-win32-x64\jre\17.0.6-win32-x86_64\bin\vcruntime140_1.dll
0x00007ffedcc20000 - 0x00007ffedccb1000 	c:\Users\HP\.vscode\extensions\redhat.java-1.17.0-win32-x64\jre\17.0.6-win32-x86_64\bin\msvcp140.dll
0x00007ffeb17c0000 - 0x00007ffeb2407000 	c:\Users\HP\.vscode\extensions\redhat.java-1.17.0-win32-x64\jre\17.0.6-win32-x86_64\bin\server\jvm.dll
0x00007fff00380000 - 0x00007fff0042e000 	C:\Windows\System32\ADVAPI32.dll
0x00007ffefff00000 - 0x00007ffefff9c000 	C:\Windows\System32\sechost.dll
0x00007ffeff5a0000 - 0x00007ffeff6c6000 	C:\Windows\System32\RPCRT4.dll
0x00007ffef6470000 - 0x00007ffef6479000 	C:\Windows\SYSTEM32\WSOCK32.dll
0x00007fff00730000 - 0x00007fff0079b000 	C:\Windows\System32\WS2_32.dll
0x00007ffee4940000 - 0x00007ffee4967000 	C:\Windows\SYSTEM32\WINMM.dll
0x00007ffef27b0000 - 0x00007ffef27ba000 	C:\Windows\SYSTEM32\VERSION.dll
0x00007ffefc870000 - 0x00007ffefc882000 	C:\Windows\SYSTEM32\kernel.appcore.dll
0x00007ffef5200000 - 0x00007ffef520a000 	c:\Users\HP\.vscode\extensions\redhat.java-1.17.0-win32-x64\jre\17.0.6-win32-x86_64\bin\jimage.dll
0x00007ffefbeb0000 - 0x00007ffefc094000 	C:\Windows\SYSTEM32\DBGHELP.DLL
0x00007ffee5160000 - 0x00007ffee5194000 	C:\Windows\SYSTEM32\dbgcore.DLL
0x00007ffefe1e0000 - 0x00007ffefe262000 	C:\Windows\System32\bcryptPrimitives.dll
0x00007ffef45d0000 - 0x00007ffef45f5000 	c:\Users\HP\.vscode\extensions\redhat.java-1.17.0-win32-x64\jre\17.0.6-win32-x86_64\bin\java.dll
0x00007ffef45b0000 - 0x00007ffef45c8000 	c:\Users\HP\.vscode\extensions\redhat.java-1.17.0-win32-x64\jre\17.0.6-win32-x86_64\bin\zip.dll
0x00007ffefe990000 - 0x00007ffeff0d4000 	C:\Windows\System32\SHELL32.dll
0x00007ffefc0a0000 - 0x00007ffefc833000 	C:\Windows\SYSTEM32\windows.storage.dll
0x00007ffeff730000 - 0x00007ffeffa84000 	C:\Windows\System32\combase.dll
0x00007ffefda10000 - 0x00007ffefda3e000 	C:\Windows\SYSTEM32\Wldp.dll
0x00007fff005f0000 - 0x00007fff0069d000 	C:\Windows\System32\SHCORE.dll
0x00007ffeff6d0000 - 0x00007ffeff725000 	C:\Windows\System32\shlwapi.dll
0x00007ffefdf60000 - 0x00007ffefdf7f000 	C:\Windows\SYSTEM32\profapi.dll
0x00007ffef3570000 - 0x00007ffef3589000 	C:\Users\HP\.vscode\extensions\redhat.java-1.17.0-win32-x64\jre\17.0.6-win32-x86_64\bin\net.dll
0x00007ffee9c70000 - 0x00007ffee9d7a000 	C:\Windows\SYSTEM32\WINHTTP.dll
0x00007ffefd700000 - 0x00007ffefd76a000 	C:\Windows\system32\mswsock.dll
0x00007ffeef840000 - 0x00007ffeef855000 	C:\Users\HP\.vscode\extensions\redhat.java-1.17.0-win32-x64\jre\17.0.6-win32-x86_64\bin\nio.dll
0x00007ffefd960000 - 0x00007ffefd978000 	C:\Windows\SYSTEM32\CRYPTSP.dll
0x00007ffefd020000 - 0x00007ffefd054000 	C:\Windows\system32\rsaenh.dll
0x00007ffefe6d0000 - 0x00007ffefe6f7000 	C:\Windows\System32\bcrypt.dll
0x00007ffefdf20000 - 0x00007ffefdf4e000 	C:\Windows\SYSTEM32\USERENV.dll
0x00007ffefd980000 - 0x00007ffefd98c000 	C:\Windows\SYSTEM32\CRYPTBASE.dll
0x00007ffefd3f0000 - 0x00007ffefd42c000 	C:\Windows\SYSTEM32\IPHLPAPI.DLL
0x00007fff00430000 - 0x00007fff00438000 	C:\Windows\System32\NSI.dll
0x00007ffeefa20000 - 0x00007ffeefa37000 	C:\Windows\SYSTEM32\dhcpcsvc6.DLL
0x00007ffeefa60000 - 0x00007ffeefa7d000 	C:\Windows\SYSTEM32\dhcpcsvc.DLL
0x00007ffefd430000 - 0x00007ffefd4fb000 	C:\Windows\SYSTEM32\DNSAPI.dll
0x00007ffef4dc0000 - 0x00007ffef4dc9000 	C:\Users\HP\.vscode\extensions\redhat.java-1.17.0-win32-x64\jre\17.0.6-win32-x86_64\bin\management.dll
0x00007ffef45a0000 - 0x00007ffef45ab000 	C:\Users\HP\.vscode\extensions\redhat.java-1.17.0-win32-x64\jre\17.0.6-win32-x86_64\bin\management_ext.dll
0x00007fff007a0000 - 0x00007fff007a8000 	C:\Windows\System32\PSAPI.DLL
0x00007ffef6790000 - 0x00007ffef679e000 	C:\Users\HP\.vscode\extensions\redhat.java-1.17.0-win32-x64\jre\17.0.6-win32-x86_64\bin\sunmscapi.dll
0x00007ffefe810000 - 0x00007ffefe966000 	C:\Windows\System32\CRYPT32.dll
0x00007ffefda80000 - 0x00007ffefdaa8000 	C:\Windows\SYSTEM32\ncrypt.dll
0x00007ffefda40000 - 0x00007ffefda7b000 	C:\Windows\SYSTEM32\NTASN1.dll
0x00007ffee7150000 - 0x00007ffee715a000 	C:\Windows\System32\rasadhlp.dll
0x00007ffee7170000 - 0x00007ffee71f0000 	C:\Windows\System32\fwpuclnt.dll
0x00007ffef4be0000 - 0x00007ffef4bf0000 	c:\Users\HP\.vscode\extensions\redhat.java-1.17.0-win32-x64\jre\17.0.6-win32-x86_64\bin\verify.dll
0x000000006c500000 - 0x000000006c5c7000 	C:\Users\HP\AppData\Local\Temp\snappy-1.1.8-b4ec9f51-72de-4985-a556-28dd5fd0019f-snappyjava.dll

dbghelp: loaded successfully - version: 4.0.5 - missing functions: none
symbol engine: initialized successfully - sym options: 0x614 - pdb path: .;c:\Users\HP\.vscode\extensions\redhat.java-1.17.0-win32-x64\jre\17.0.6-win32-x86_64\bin;C:\Windows\SYSTEM32;C:\Windows\WinSxS\amd64_microsoft.windows.common-controls_6595b64144ccf1df_6.0.19041.1110_none_60b5254171f9507e;c:\Users\HP\.vscode\extensions\redhat.java-1.17.0-win32-x64\jre\17.0.6-win32-x86_64\bin\server;C:\Users\HP\AppData\Local\Temp

VM Arguments:
jvm_args: -XX:+HeapDumpOnOutOfMemoryError -Xmx1024m -Dsts.lsp.client=vscode -Dsts.log.file=/dev/null -XX:TieredStopAtLevel=1 -Xlog:jni+resolve=off -Dspring.config.location=file:c:\Users\HP\.vscode\extensions\vmware.vscode-spring-boot-1.45.0\language-server\BOOT-INF\classes\application.properties 
java_command: org.springframework.ide.vscode.boot.app.BootLanguageServerBootApp
java_class_path (initial): c:\Users\HP\.vscode\extensions\vmware.vscode-spring-boot-1.45.0\language-server\BOOT-INF\classes;c:\Users\HP\.vscode\extensions\vmware.vscode-spring-boot-1.45.0\language-server\BOOT-INF\lib\annotations-24.0.1.jar;c:\Users\HP\.vscode\extensions\vmware.vscode-spring-boot-1.45.0\language-server\BOOT-INF\lib\ant-1.10.13.jar;c:\Users\HP\.vscode\extensions\vmware.vscode-spring-boot-1.45.0\language-server\BOOT-INF\lib\ant-launcher-1.10.13.jar;c:\Users\HP\.vscode\extensions\vmware.vscode-spring-boot-1.45.0\language-server\BOOT-INF\lib\antlr-runtime-3.5.3.jar;c:\Users\HP\.vscode\extensions\vmware.vscode-spring-boot-1.45.0\language-server\BOOT-INF\lib\antlr4-4.11.1.jar;c:\Users\HP\.vscode\extensions\vmware.vscode-spring-boot-1.45.0\language-server\BOOT-INF\lib\antlr4-runtime-4.11.1.jar;c:\Users\HP\.vscode\extensions\vmware.vscode-spring-boot-1.45.0\language-server\BOOT-INF\lib\asm-9.4.jar;c:\Users\HP\.vscode\extensions\vmware.vscode-spring-boot-1.45.0\language-server\BOOT-INF\lib\asm-analysis-9.4.jar;c:\Users\HP\.vscode\extensions\vmware.vscode-spring-boot-1.45.0\language-server\BOOT-INF\lib\asm-tree-9.4.jar;c:\Users\HP\.vscode\extensions\vmware.vscode-spring-boot-1.45.0\language-server\BOOT-INF\lib\asm-util-9.4.jar;c:\Users\HP\.vscode\extensions\vmware.vscode-spring-boot-1.45.0\language-server\BOOT-INF\lib\caffeine-3.1.2.jar;c:\Users\HP\.vscode\extensions\vmware.vscode-spring-boot-1.45.0\language-server\BOOT-INF\lib\checker-qual-3.12.0.jar;c:\Users\HP\.vscode\extensions\vmware.vscode-spring-boot-1.45.0\language-server\BOOT-INF\lib\classgraph-4.8.149.jar;c:\Users\HP\.vscode\extensions\vmware.vscode-spring-boot-1.45.0\language-server\BOOT-INF\lib\commons-codec-1.15.jar;c:\Users\HP\.vscode\extensions\vmware.vscode-spring-boot-1.45.0\language-server\BOOT-INF\lib\commons-compress-1.22.jar;c:\Users\HP\.vscode\extensions\vmware.vscode-spring-boot-1.45.0\language-server\BOOT-INF\lib\commons-io-2.4.jar;c:\Users\HP\.vscode\extensions\vmware.vscode-spring-b
Launcher Type: SUN_STANDARD

[Global flags]
     intx CICompilerCount                          = 3                                         {product} {ergonomic}
     uint ConcGCThreads                            = 1                                         {product} {ergonomic}
     uint G1ConcRefinementThreads                  = 4                                         {product} {ergonomic}
   size_t G1HeapRegionSize                         = 1048576                                   {product} {ergonomic}
    uintx GCDrainStackTargetSize                   = 64                                        {product} {ergonomic}
     bool HeapDumpOnOutOfMemoryError               = true                                   {manageable} {command line}
   size_t InitialHeapSize                          = 134217728                                 {product} {ergonomic}
   size_t MarkStackSize                            = 4194304                                   {product} {ergonomic}
   size_t MaxHeapSize                              = 1073741824                                {product} {command line}
   size_t MaxNewSize                               = 643825664                                 {product} {ergonomic}
   size_t MinHeapDeltaBytes                        = 1048576                                   {product} {ergonomic}
   size_t MinHeapSize                              = 8388608                                   {product} {ergonomic}
    uintx NonProfiledCodeHeapSize                  = 0                                      {pd product} {ergonomic}
     bool ProfileInterpreter                       = false                                  {pd product} {command line}
    uintx ProfiledCodeHeapSize                     = 0                                      {pd product} {ergonomic}
   size_t SoftMaxHeapSize                          = 1073741824                             {manageable} {ergonomic}
     intx TieredStopAtLevel                        = 1                                         {product} {command line}
     bool UseCompressedClassPointers               = true                           {product lp64_product} {ergonomic}
     bool UseCompressedOops                        = true                           {product lp64_product} {ergonomic}
     bool UseG1GC                                  = true                                      {product} {ergonomic}
     bool UseLargePagesIndividualAllocation        = false                                  {pd product} {ergonomic}

Logging:
Log output configuration:
 #0: stdout all=warning,jni+resolve=off uptime,level,tags
 #1: stderr all=off uptime,level,tags

Environment Variables:
JAVA_HOME=C:\Program Files\Java\jdk-17
PATH=C:\Program Files\Common Files\Oracle\Java\javapath;C:\Windows\system32;C:\Windows;C:\Windows\System32\Wbem;C:\Windows\System32\WindowsPowerShell\v1.0\;C:\Windows\System32\OpenSSH\;C:\Program Files\nodejs\;C:\Program Files\Git\cmd;C:\Program Files\Git\bin;D:\apache-maven-3.9.1\bin;C:\xampp\mysql\bin;C:\Users\HP\AppData\Local\Programs\Python\Python310\Scripts\;C:\Users\HP\AppData\Local\Programs\Python\Python310\;C:\Users\HP\AppData\Local\Microsoft\WindowsApps;C:\Users\HP\AppData\Local\GitHubDesktop\bin;C:\Users\HP\AppData\Roaming\npm;C:\Users\HP\AppData\Local\Programs\Microsoft VS Code\bin
USERNAME=HP
OS=Windows_NT
PROCESSOR_IDENTIFIER=Intel64 Family 6 Model 78 Stepping 3, GenuineIntel
TMP=C:\Users\HP\AppData\Local\Temp
TEMP=C:\Users\HP\AppData\Local\Temp



---------------  S Y S T E M  ---------------

OS:
 Windows 10 , 64 bit Build 19041 (10.0.19041.2788)
OS uptime: 13 days 10:05 hours

CPU: total 4 (initial active 4) (2 cores per cpu, 2 threads per core) family 6 model 78 stepping 3 microcode 0xcc, cx8, cmov, fxsr, ht, mmx, 3dnowpref, sse, sse2, sse3, ssse3, sse4.1, sse4.2, popcnt, lzcnt, tsc, tscinvbit, avx, avx2, aes, erms, clmul, bmi1, bmi2, rtm, adx, fma, vzeroupper, clflush, clflushopt

Memory: 4k page, system-wide physical 8072M (1513M free)
TotalPageFile size 10120M (AvailPageFile size 775M)
current process WorkingSet (physical memory assigned to process): 410M, peak: 817M
current process commit charge ("private bytes"): 446M, peak: 820M

vm_info: OpenJDK 64-Bit Server VM (17.0.6+10) for windows-amd64 JRE (17.0.6+10), built on Jan 18 2023 10:08:59 by "temurin" with MS VC++ 16.7 (VS2019)

END.
